{"meta": {"format": 3, "version": "7.13.5", "timestamp": "2026-03-27T14:40:12.783864", "branch_coverage": false, "show_contexts": false}, "files": {"app/__init__.py": {"executed_lines": [], "summary": {"covered_lines": 0, "num_statements": 0, "percent_covered": 100.0, "percent_covered_display": "100", "missing_lines": 0, "excluded_lines": 0, "percent_statements_covered": 100.0, "percent_statements_covered_display": "100"}, "missing_lines": [], "excluded_lines": [], "functions": {"": {"executed_lines": [], "summary": {"covered_lines": 0, "num_statements": 0, "percent_covered": 100.0, "percent_covered_display": "100", "missing_lines": 0, "excluded_lines": 0, "percent_statements_covered": 100.0, "percent_statements_covered_display": "100"}, "missing_lines": [], "excluded_lines": [], "start_line": 1}}, "classes": {"": {"executed_lines": [], "summary": {"covered_lines": 0, "num_statements": 0, "percent_covered": 100.0, "percent_covered_display": "100", "missing_lines": 0, "excluded_lines": 0, "percent_statements_covered": 100.0, "percent_statements_covered_display": "100"}, "missing_lines": [], "excluded_lines": [], "start_line": 1}}}, "app/api/__init__.py": {"executed_lines": [], "summary": {"covered_lines": 0, "num_statements": 0, "percent_covered": 100.0, "percent_covered_display": "100", "missing_lines": 0, "excluded_lines": 0, "percent_statements_covered": 100.0, "percent_statements_covered_display": "100"}, "missing_lines": [], "excluded_lines": [], "functions": {"": {"executed_lines": [], "summary": {"covered_lines": 0, "num_statements": 0, "percent_covered": 100.0, "percent_covered_display": "100", "missing_lines": 0, "excluded_lines": 0, "percent_statements_covered": 100.0, "percent_statements_covered_display": "100"}, "missing_lines": [], "excluded_lines": [], "start_line": 1}}, "classes": {"": {"executed_lines": [], "summary": {"covered_lines": 0, "num_statements": 0, "percent_covered": 100.0, "percent_covered_display": "100", "missing_lines": 0, "excluded_lines": 0, "percent_statements_covered": 100.0, "percent_statements_covered_display": "100"}, "missing_lines": [], "excluded_lines": [], "start_line": 1}}}, "app/api/assets.py": {"executed_lines": [1, 2, 4, 5, 6, 7, 9, 12, 13, 17, 20, 21, 27, 30, 31, 32, 35, 36, 41, 44, 45, 46], "summary": {"covered_lines": 22, "num_statements": 22, "percent_covered": 100.0, "percent_covered_display": "100", "missing_lines": 0, "excluded_lines": 0, "percent_statements_covered": 100.0, "percent_statements_covered_display": "100"}, "missing_lines": [], "excluded_lines": [], "functions": {"create_asset": {"executed_lines": [17], "summary": {"covered_lines": 1, "num_statements": 1, "percent_covered": 100.0, "percent_covered_display": "100", "missing_lines": 0, "excluded_lines": 0, "percent_statements_covered": 100.0, "percent_statements_covered_display": "100"}, "missing_lines": [], "excluded_lines": [], "start_line": 13}, "list_assets": {"executed_lines": [27], "summary": {"covered_lines": 1, "num_statements": 1, "percent_covered": 100.0, "percent_covered_display": "100", "missing_lines": 0, "excluded_lines": 0, "percent_statements_covered": 100.0, "percent_statements_covered_display": "100"}, "missing_lines": [], "excluded_lines": [], "start_line": 21}, "get_asset": {"executed_lines": [32], "summary": {"covered_lines": 1, "num_statements": 1, "percent_covered": 100.0, "percent_covered_display": "100", "missing_lines": 0, "excluded_lines": 0, "percent_statements_covered": 100.0, "percent_statements_covered_display": "100"}, "missing_lines": [], "excluded_lines": [], "start_line": 31}, "update_asset": {"executed_lines": [41], "summary": {"covered_lines": 1, "num_statements": 1, "percent_covered": 100.0, "percent_covered_display": "100", "missing_lines": 0, "excluded_lines": 0, "percent_statements_covered": 100.0, "percent_statements_covered_display": "100"}, "missing_lines": [], "excluded_lines": [], "start_line": 36}, "delete_asset": {"executed_lines": [46], "summary": {"covered_lines": 1, "num_statements": 1, "percent_covered": 100.0, "percent_covered_display": "100", "missing_lines": 0, "excluded_lines": 0, "percent_statements_covered": 100.0, "percent_statements_covered_display": "100"}, "missing_lines": [], "excluded_lines": [], "start_line": 45}, "": {"executed_lines": [1, 2, 4, 5, 6, 7, 9, 12, 13, 20, 21, 30, 31, 35, 36, 44, 45], "summary": {"covered_lines": 17, "num_statements": 17, "percent_covered": 100.0, "percent_covered_display": "100", "missing_lines": 0, "excluded_lines": 0, "percent_statements_covered": 100.0, "percent_statements_covered_display": "100"}, "missing_lines": [], "excluded_lines": [], "start_line": 1}}, "classes": {"": {"executed_lines": [1, 2, 4, 5, 6, 7, 9, 12, 13, 17, 20, 21, 27, 30, 31, 32, 35, 36, 41, 44, 45, 46], "summary": {"covered_lines": 22, "num_statements": 22, "percent_covered": 100.0, "percent_covered_display": "100", "missing_lines": 0, "excluded_lines": 0, "percent_statements_covered": 100.0, "percent_statements_covered_display": "100"}, "missing_lines": [], "excluded_lines": [], "start_line": 1}}}, "app/api/corp_actions.py": {"executed_lines": [1, 2, 4, 5, 6, 7, 9, 12, 13, 15, 18, 19, 21, 22, 23, 24, 25, 26], "summary": {"covered_lines": 18, "num_statements": 18, "percent_covered": 100.0, "percent_covered_display": "100", "missing_lines": 0, "excluded_lines": 0, "percent_statements_covered": 100.0, "percent_statements_covered_display": "100"}, "missing_lines": [], "excluded_lines": [], "functions": {"fetch_all_corp_actions": {"executed_lines": [15], "summary": {"covered_lines": 1, "num_statements": 1, "percent_covered": 100.0, "percent_covered_display": "100", "missing_lines": 0, "excluded_lines": 0, "percent_statements_covered": 100.0, "percent_statements_covered_display": "100"}, "missing_lines": [], "excluded_lines": [], "start_line": 13}, "fetch_asset_corp_actions": {"executed_lines": [21, 22, 23, 24, 25, 26], "summary": {"covered_lines": 6, "num_statements": 6, "percent_covered": 100.0, "percent_covered_display": "100", "missing_lines": 0, "excluded_lines": 0, "percent_statements_covered": 100.0, "percent_statements_covered_display": "100"}, "missing_lines": [], "excluded_lines": [], "start_line": 19}, "": {"executed_lines": [1, 2, 4, 5, 6, 7, 9, 12, 13, 18, 19], "summary": {"covered_lines": 11, "num_statements": 11, "percent_covered": 100.0, "percent_covered_display": "100", "missing_lines": 0, "excluded_lines": 0, "percent_statements_covered": 100.0, "percent_statements_covered_display": "100"}, "missing_lines": [], "excluded_lines": [], "start_line": 1}}, "classes": {"": {"executed_lines": [1, 2, 4, 5, 6, 7, 9, 12, 13, 15, 18, 19, 21, 22, 23, 24, 25, 26], "summary": {"covered_lines": 18, "num_statements": 18, "percent_covered": 100.0, "percent_covered_display": "100", "missing_lines": 0, "excluded_lines": 0, "percent_statements_covered": 100.0, "percent_statements_covered_display": "100"}, "missing_lines": [], "excluded_lines": [], "start_line": 1}}}, "app/api/dependencies.py": {"executed_lines": [10, 11, 13, 14, 15, 16, 17, 18, 19, 20, 21, 22, 28, 37, 38, 44, 65, 66, 67, 68, 71, 72, 75, 76, 79], "summary": {"covered_lines": 25, "num_statements": 31, "percent_covered": 80.64516129032258, "percent_covered_display": "81", "missing_lines": 6, "excluded_lines": 0, "percent_statements_covered": 80.64516129032258, "percent_statements_covered_display": "81"}, "missing_lines": [30, 45, 46, 48, 52, 80], "excluded_lines": [], "functions": {"get_uow_factory": {"executed_lines": [], "summary": {"covered_lines": 0, "num_statements": 1, "percent_covered": 0.0, "percent_covered_display": "0", "missing_lines": 1, "excluded_lines": 0, "percent_statements_covered": 0.0, "percent_statements_covered_display": "0"}, "missing_lines": [30], "excluded_lines": [], "start_line": 28}, "get_import_orchestrator": {"executed_lines": [], "summary": {"covered_lines": 0, "num_statements": 4, "percent_covered": 0.0, "percent_covered_display": "0", "missing_lines": 4, "excluded_lines": 0, "percent_statements_covered": 0.0, "percent_statements_covered_display": "0"}, "missing_lines": [45, 46, 48, 52], "excluded_lines": [], "start_line": 44}, "get_asset_service": {"executed_lines": [72], "summary": {"covered_lines": 1, "num_statements": 1, "percent_covered": 100.0, "percent_covered_display": "100", "missing_lines": 0, "excluded_lines": 0, "percent_statements_covered": 100.0, "percent_statements_covered_display": "100"}, "missing_lines": [], "excluded_lines": [], "start_line": 71}, "get_transaction_service": {"executed_lines": [76], "summary": {"covered_lines": 1, "num_statements": 1, "percent_covered": 100.0, "percent_covered_display": "100", "missing_lines": 0, "excluded_lines": 0, "percent_statements_covered": 100.0, "percent_statements_covered_display": "100"}, "missing_lines": [], "excluded_lines": [], "start_line": 75}, "get_strategy_returns_service": {"executed_lines": [], "summary": {"covered_lines": 0, "num_statements": 1, "percent_covered": 0.0, "percent_covered_display": "0", "missing_lines": 1, "excluded_lines": 0, "percent_statements_covered": 0.0, "percent_statements_covered_display": "0"}, "missing_lines": [80], "excluded_lines": [], "start_line": 79}, "": {"executed_lines": [10, 11, 13, 14, 15, 16, 17, 18, 19, 20, 21, 22, 28, 37, 38, 44, 65, 66, 67, 68, 71, 75, 79], "summary": {"covered_lines": 23, "num_statements": 23, "percent_covered": 100.0, "percent_covered_display": "100", "missing_lines": 0, "excluded_lines": 0, "percent_statements_covered": 100.0, "percent_statements_covered_display": "100"}, "missing_lines": [], "excluded_lines": [], "start_line": 1}}, "classes": {"": {"executed_lines": [10, 11, 13, 14, 15, 16, 17, 18, 19, 20, 21, 22, 28, 37, 38, 44, 65, 66, 67, 68, 71, 72, 75, 76, 79], "summary": {"covered_lines": 25, "num_statements": 31, "percent_covered": 80.64516129032258, "percent_covered_display": "81", "missing_lines": 6, "excluded_lines": 0, "percent_statements_covered": 80.64516129032258, "percent_statements_covered_display": "81"}, "missing_lines": [30, 45, 46, 48, 52, 80], "excluded_lines": [], "start_line": 1}}}, "app/api/fd_detail.py": {"executed_lines": [1, 2, 4, 5, 6, 7, 8, 10, 13, 14, 15, 16, 18, 19, 20, 21, 22, 25, 26, 27, 28, 30, 31, 32, 34, 35, 36, 38, 40, 42, 47, 50, 51], "summary": {"covered_lines": 33, "num_statements": 57, "percent_covered": 57.89473684210526, "percent_covered_display": "58", "missing_lines": 24, "excluded_lines": 0, "percent_statements_covered": 57.89473684210526, "percent_statements_covered_display": "58"}, "missing_lines": [17, 29, 37, 43, 44, 45, 52, 53, 54, 55, 56, 57, 58, 60, 61, 62, 63, 64, 66, 68, 69, 70, 71, 73], "excluded_lines": [], "functions": {"get_fd_detail": {"executed_lines": [15, 16, 18, 19, 20, 21, 22], "summary": {"covered_lines": 7, "num_statements": 8, "percent_covered": 87.5, "percent_covered_display": "88", "missing_lines": 1, "excluded_lines": 0, "percent_statements_covered": 87.5, "percent_statements_covered_display": "88"}, "missing_lines": [17], "excluded_lines": [], "start_line": 14}, "create_fd_detail": {"executed_lines": [27, 28, 30, 31, 32, 34, 35, 36, 38, 40, 42, 47], "summary": {"covered_lines": 12, "num_statements": 17, "percent_covered": 70.58823529411765, "percent_covered_display": "71", "missing_lines": 5, "excluded_lines": 0, "percent_statements_covered": 70.58823529411765, "percent_statements_covered_display": "71"}, "missing_lines": [29, 37, 43, 44, 45], "excluded_lines": [], "start_line": 26}, "update_fd_detail": {"executed_lines": [], "summary": {"covered_lines": 0, "num_statements": 18, "percent_covered": 0.0, "percent_covered_display": "0", "missing_lines": 18, "excluded_lines": 0, "percent_statements_covered": 0.0, "percent_statements_covered_display": "0"}, "missing_lines": [52, 53, 54, 55, 56, 57, 58, 60, 61, 62, 63, 64, 66, 68, 69, 70, 71, 73], "excluded_lines": [], "start_line": 51}, "": {"executed_lines": [1, 2, 4, 5, 6, 7, 8, 10, 13, 14, 25, 26, 50, 51], "summary": {"covered_lines": 14, "num_statements": 14, "percent_covered": 100.0, "percent_covered_display": "100", "missing_lines": 0, "excluded_lines": 0, "percent_statements_covered": 100.0, "percent_statements_covered_display": "100"}, "missing_lines": [], "excluded_lines": [], "start_line": 1}}, "classes": {"": {"executed_lines": [1, 2, 4, 5, 6, 7, 8, 10, 13, 14, 15, 16, 18, 19, 20, 21, 22, 25, 26, 27, 28, 30, 31, 32, 34, 35, 36, 38, 40, 42, 47, 50, 51], "summary": {"covered_lines": 33, "num_statements": 57, "percent_covered": 57.89473684210526, "percent_covered_display": "58", "missing_lines": 24, "excluded_lines": 0, "percent_statements_covered": 57.89473684210526, "percent_statements_covered_display": "58"}, "missing_lines": [17, 29, 37, 43, 44, 45, 52, 53, 54, 55, 56, 57, 58, 60, 61, 62, 63, 64, 66, 68, 69, 70, 71, 73], "excluded_lines": [], "start_line": 1}}}, "app/api/goals.py": {"executed_lines": [1, 2, 3, 5, 6, 7, 8, 9, 15, 16, 19, 20, 21, 26, 27, 28, 29, 30, 31, 34, 36, 37, 38, 44, 46, 47, 54, 56, 57, 59, 60, 62, 84, 85, 86, 88, 102, 103, 109, 110, 111, 112, 113, 115, 116, 119, 120, 128, 129, 141, 142, 152, 153, 154, 155, 157, 158, 161, 163, 164, 165, 167, 168, 171, 172, 174, 181, 182, 184, 185, 187, 188, 191, 193, 194, 195, 196, 201, 204, 205, 206, 207, 209, 210, 212, 213], "summary": {"covered_lines": 86, "num_statements": 125, "percent_covered": 68.8, "percent_covered_display": "69", "missing_lines": 39, "excluded_lines": 0, "percent_statements_covered": 68.8, "percent_statements_covered_display": "69"}, "missing_lines": [48, 63, 64, 65, 66, 67, 68, 70, 71, 73, 104, 105, 106, 121, 122, 123, 124, 125, 130, 131, 132, 133, 134, 135, 136, 137, 138, 143, 144, 145, 146, 147, 156, 166, 169, 186, 189, 208, 211], "excluded_lines": [], "functions": {"_validate_pct": {"executed_lines": [20, 21], "summary": {"covered_lines": 2, "num_statements": 2, "percent_covered": 100.0, "percent_covered_display": "100", "missing_lines": 0, "excluded_lines": 0, "percent_statements_covered": 100.0, "percent_statements_covered_display": "100"}, "missing_lines": [], "excluded_lines": [], "start_line": 19}, "_sum_allocations": {"executed_lines": [27, 28, 29, 30, 31], "summary": {"covered_lines": 5, "num_statements": 5, "percent_covered": 100.0, "percent_covered_display": "100", "missing_lines": 0, "excluded_lines": 0, "percent_statements_covered": 100.0, "percent_statements_covered_display": "100"}, "missing_lines": [], "excluded_lines": [], "start_line": 26}, "_validate_create_sum": {"executed_lines": [36, 37, 38], "summary": {"covered_lines": 3, "num_statements": 3, "percent_covered": 100.0, "percent_covered_display": "100", "missing_lines": 0, "excluded_lines": 0, "percent_statements_covered": 100.0, "percent_statements_covered_display": "100"}, "missing_lines": [], "excluded_lines": [], "start_line": 34}, "_validate_final_sum": {"executed_lines": [46, 47], "summary": {"covered_lines": 2, "num_statements": 3, "percent_covered": 66.66666666666667, "percent_covered_display": "67", "missing_lines": 1, "excluded_lines": 0, "percent_statements_covered": 66.66666666666667, "percent_statements_covered_display": "67"}, "missing_lines": [48], "excluded_lines": [], "start_line": 44}, "_compute_goal_response": {"executed_lines": [56, 57, 59, 60, 62, 84, 85, 86, 88], "summary": {"covered_lines": 9, "num_statements": 18, "percent_covered": 50.0, "percent_covered_display": "50", "missing_lines": 9, "excluded_lines": 0, "percent_statements_covered": 50.0, "percent_statements_covered_display": "50"}, "missing_lines": [63, 64, 65, 66, 67, 68, 70, 71, 73], "excluded_lines": [], "start_line": 54}, "list_goals": {"executed_lines": [], "summary": {"covered_lines": 0, "num_statements": 3, "percent_covered": 0.0, "percent_covered_display": "0", "missing_lines": 3, "excluded_lines": 0, "percent_statements_covered": 0.0, "percent_statements_covered_display": "0"}, "missing_lines": [104, 105, 106], "excluded_lines": [], "start_line": 103}, "create_goal": {"executed_lines": [111, 112, 113, 115, 116], "summary": {"covered_lines": 5, "num_statements": 5, "percent_covered": 100.0, "percent_covered_display": "100", "missing_lines": 0, "excluded_lines": 0, "percent_statements_covered": 100.0, "percent_statements_covered_display": "100"}, "missing_lines": [], "excluded_lines": [], "start_line": 110}, "get_goal": {"executed_lines": [], "summary": {"covered_lines": 0, "num_statements": 5, "percent_covered": 0.0, "percent_covered_display": "0", "missing_lines": 5, "excluded_lines": 0, "percent_statements_covered": 0.0, "percent_statements_covered_display": "0"}, "missing_lines": [121, 122, 123, 124, 125], "excluded_lines": [], "start_line": 120}, "update_goal": {"executed_lines": [], "summary": {"covered_lines": 0, "num_statements": 9, "percent_covered": 0.0, "percent_covered_display": "0", "missing_lines": 9, "excluded_lines": 0, "percent_statements_covered": 0.0, "percent_statements_covered_display": "0"}, "missing_lines": [130, 131, 132, 133, 134, 135, 136, 137, 138], "excluded_lines": [], "start_line": 129}, "delete_goal": {"executed_lines": [], "summary": {"covered_lines": 0, "num_statements": 5, "percent_covered": 0.0, "percent_covered_display": "0", "missing_lines": 5, "excluded_lines": 0, "percent_statements_covered": 0.0, "percent_statements_covered_display": "0"}, "missing_lines": [143, 144, 145, 146, 147], "excluded_lines": [], "start_line": 142}, "list_allocations": {"executed_lines": [154, 155, 157, 158], "summary": {"covered_lines": 4, "num_statements": 5, "percent_covered": 80.0, "percent_covered_display": "80", "missing_lines": 1, "excluded_lines": 0, "percent_statements_covered": 80.0, "percent_statements_covered_display": "80"}, "missing_lines": [156], "excluded_lines": [], "start_line": 153}, "add_allocation": {"executed_lines": [164, 165, 167, 168, 171, 172, 174], "summary": {"covered_lines": 7, "num_statements": 9, "percent_covered": 77.77777777777777, "percent_covered_display": "78", "missing_lines": 2, "excluded_lines": 0, "percent_statements_covered": 77.77777777777777, "percent_statements_covered_display": "78"}, "missing_lines": [166, 169], "excluded_lines": [], "start_line": 163}, "update_allocation": {"executed_lines": [184, 185, 187, 188, 191, 193, 194, 195, 196, 201], "summary": {"covered_lines": 10, "num_statements": 12, "percent_covered": 83.33333333333333, "percent_covered_display": "83", "missing_lines": 2, "excluded_lines": 0, "percent_statements_covered": 83.33333333333333, "percent_statements_covered_display": "83"}, "missing_lines": [186, 189], "excluded_lines": [], "start_line": 182}, "delete_allocation": {"executed_lines": [206, 207, 209, 210, 212, 213], "summary": {"covered_lines": 6, "num_statements": 8, "percent_covered": 75.0, "percent_covered_display": "75", "missing_lines": 2, "excluded_lines": 0, "percent_statements_covered": 75.0, "percent_statements_covered_display": "75"}, "missing_lines": [208, 211], "excluded_lines": [], "start_line": 205}, "": {"executed_lines": [1, 2, 3, 5, 6, 7, 8, 9, 15, 16, 19, 26, 34, 44, 54, 102, 103, 109, 110, 119, 120, 128, 129, 141, 142, 152, 153, 161, 163, 181, 182, 204, 205], "summary": {"covered_lines": 33, "num_statements": 33, "percent_covered": 100.0, "percent_covered_display": "100", "missing_lines": 0, "excluded_lines": 0, "percent_statements_covered": 100.0, "percent_statements_covered_display": "100"}, "missing_lines": [], "excluded_lines": [], "start_line": 1}}, "classes": {"": {"executed_lines": [1, 2, 3, 5, 6, 7, 8, 9, 15, 16, 19, 20, 21, 26, 27, 28, 29, 30, 31, 34, 36, 37, 38, 44, 46, 47, 54, 56, 57, 59, 60, 62, 84, 85, 86, 88, 102, 103, 109, 110, 111, 112, 113, 115, 116, 119, 120, 128, 129, 141, 142, 152, 153, 154, 155, 157, 158, 161, 163, 164, 165, 167, 168, 171, 172, 174, 181, 182, 184, 185, 187, 188, 191, 193, 194, 195, 196, 201, 204, 205, 206, 207, 209, 210, 212, 213], "summary": {"covered_lines": 86, "num_statements": 125, "percent_covered": 68.8, "percent_covered_display": "69", "missing_lines": 39, "excluded_lines": 0, "percent_statements_covered": 68.8, "percent_statements_covered_display": "69"}, "missing_lines": [48, 63, 64, 65, 66, 67, 68, 70, 71, 73, 104, 105, 106, 121, 122, 123, 124, 125, 130, 131, 132, 133, 134, 135, 136, 137, 138, 143, 144, 145, 146, 147, 156, 166, 169, 186, 189, 208, 211], "excluded_lines": [], "start_line": 1}}}, "app/api/important_data.py": {"executed_lines": [1, 2, 3, 4, 6, 7, 8, 9, 10, 12, 15, 16, 20, 21, 22, 25, 26, 27, 28, 29, 30, 31, 32, 35, 36, 37, 38, 39, 40, 44, 45, 46, 47, 48, 50, 51, 53, 54, 57, 58, 59, 60, 61, 63], "summary": {"covered_lines": 44, "num_statements": 48, "percent_covered": 91.66666666666667, "percent_covered_display": "92", "missing_lines": 4, "excluded_lines": 0, "percent_statements_covered": 91.66666666666667, "percent_statements_covered_display": "92"}, "missing_lines": [41, 49, 52, 62], "excluded_lines": [], "functions": {"list_important_data": {"executed_lines": [20, 21, 22], "summary": {"covered_lines": 3, "num_statements": 3, "percent_covered": 100.0, "percent_covered_display": "100", "missing_lines": 0, "excluded_lines": 0, "percent_statements_covered": 100.0, "percent_statements_covered_display": "100"}, "missing_lines": [], "excluded_lines": [], "start_line": 16}, "create_important_data": {"executed_lines": [27, 28, 29, 30, 31, 32], "summary": {"covered_lines": 6, "num_statements": 6, "percent_covered": 100.0, "percent_covered_display": "100", "missing_lines": 0, "excluded_lines": 0, "percent_statements_covered": 100.0, "percent_statements_covered_display": "100"}, "missing_lines": [], "excluded_lines": [], "start_line": 26}, "get_important_data": {"executed_lines": [37, 38, 39, 40], "summary": {"covered_lines": 4, "num_statements": 5, "percent_covered": 80.0, "percent_covered_display": "80", "missing_lines": 1, "excluded_lines": 0, "percent_statements_covered": 80.0, "percent_statements_covered_display": "80"}, "missing_lines": [41], "excluded_lines": [], "start_line": 36}, "update_important_data": {"executed_lines": [46, 47, 48, 50, 51, 53, 54], "summary": {"covered_lines": 7, "num_statements": 9, "percent_covered": 77.77777777777777, "percent_covered_display": "78", "missing_lines": 2, "excluded_lines": 0, "percent_statements_covered": 77.77777777777777, "percent_statements_covered_display": "78"}, "missing_lines": [49, 52], "excluded_lines": [], "start_line": 45}, "delete_important_data": {"executed_lines": [59, 60, 61, 63], "summary": {"covered_lines": 4, "num_statements": 5, "percent_covered": 80.0, "percent_covered_display": "80", "missing_lines": 1, "excluded_lines": 0, "percent_statements_covered": 80.0, "percent_statements_covered_display": "80"}, "missing_lines": [62], "excluded_lines": [], "start_line": 58}, "": {"executed_lines": [1, 2, 3, 4, 6, 7, 8, 9, 10, 12, 15, 16, 25, 26, 35, 36, 44, 45, 57, 58], "summary": {"covered_lines": 20, "num_statements": 20, "percent_covered": 100.0, "percent_covered_display": "100", "missing_lines": 0, "excluded_lines": 0, "percent_statements_covered": 100.0, "percent_statements_covered_display": "100"}, "missing_lines": [], "excluded_lines": [], "start_line": 1}}, "classes": {"": {"executed_lines": [1, 2, 3, 4, 6, 7, 8, 9, 10, 12, 15, 16, 20, 21, 22, 25, 26, 27, 28, 29, 30, 31, 32, 35, 36, 37, 38, 39, 40, 44, 45, 46, 47, 48, 50, 51, 53, 54, 57, 58, 59, 60, 61, 63], "summary": {"covered_lines": 44, "num_statements": 48, "percent_covered": 91.66666666666667, "percent_covered_display": "92", "missing_lines": 4, "excluded_lines": 0, "percent_statements_covered": 91.66666666666667, "percent_statements_covered_display": "92"}, "missing_lines": [41, 49, 52, 62], "excluded_lines": [], "start_line": 1}}}, "app/api/imports.py": {"executed_lines": [1, 2, 4, 5, 6, 8, 9, 10, 11, 12, 13, 14, 15, 16, 17, 18, 19, 20, 22, 24, 26, 31, 32, 35, 36, 39, 40, 45, 46, 48, 49, 50, 51, 54, 55, 59, 60, 61, 64, 65, 69, 70, 71, 74, 75, 80, 81, 82, 85, 86, 87, 88, 92, 95, 96, 111, 112, 113, 116, 117, 130, 131, 132, 135, 137, 138, 141, 143, 146, 160, 161, 162, 163, 168, 169, 171, 174, 175, 185, 186, 187, 190, 191, 211, 212, 231, 232], "summary": {"covered_lines": 87, "num_statements": 106, "percent_covered": 82.0754716981132, "percent_covered_display": "82", "missing_lines": 19, "excluded_lines": 0, "percent_statements_covered": 82.0754716981132, "percent_statements_covered_display": "82"}, "missing_lines": [89, 90, 139, 140, 142, 170, 202, 203, 204, 223, 224, 225, 226, 227, 228, 237, 238, 239, 240], "excluded_lines": [], "functions": {"get_import_service": {"executed_lines": [32], "summary": {"covered_lines": 1, "num_statements": 1, "percent_covered": 100.0, "percent_covered_display": "100", "missing_lines": 0, "excluded_lines": 0, "percent_statements_covered": 100.0, "percent_statements_covered_display": "100"}, "missing_lines": [], "excluded_lines": [], "start_line": 31}, "import_broker_csv": {"executed_lines": [45, 46, 48, 49, 50, 51], "summary": {"covered_lines": 6, "num_statements": 6, "percent_covered": 100.0, "percent_covered_display": "100", "missing_lines": 0, "excluded_lines": 0, "percent_statements_covered": 100.0, "percent_statements_covered_display": "100"}, "missing_lines": [], "excluded_lines": [], "start_line": 40}, "import_nps_csv": {"executed_lines": [59, 60, 61], "summary": {"covered_lines": 3, "num_statements": 3, "percent_covered": 100.0, "percent_covered_display": "100", "missing_lines": 0, "excluded_lines": 0, "percent_statements_covered": 100.0, "percent_statements_covered_display": "100"}, "missing_lines": [], "excluded_lines": [], "start_line": 55}, "import_cas_pdf": {"executed_lines": [69, 70, 71], "summary": {"covered_lines": 3, "num_statements": 3, "percent_covered": 100.0, "percent_covered_display": "100", "missing_lines": 0, "excluded_lines": 0, "percent_statements_covered": 100.0, "percent_statements_covered_display": "100"}, "missing_lines": [], "excluded_lines": [], "start_line": 65}, "commit_import": {"executed_lines": [80, 81, 82, 85, 86, 87, 88, 92], "summary": {"covered_lines": 8, "num_statements": 10, "percent_covered": 80.0, "percent_covered_display": "80", "missing_lines": 2, "excluded_lines": 0, "percent_statements_covered": 80.0, "percent_statements_covered_display": "80"}, "missing_lines": [89, 90], "excluded_lines": [], "start_line": 75}, "import_ppf_csv": {"executed_lines": [111, 112, 113], "summary": {"covered_lines": 3, "num_statements": 3, "percent_covered": 100.0, "percent_covered_display": "100", "missing_lines": 0, "excluded_lines": 0, "percent_statements_covered": 100.0, "percent_statements_covered_display": "100"}, "missing_lines": [], "excluded_lines": [], "start_line": 96}, "import_epf_pdf": {"executed_lines": [130, 131, 132], "summary": {"covered_lines": 3, "num_statements": 3, "percent_covered": 100.0, "percent_covered_display": "100", "missing_lines": 0, "excluded_lines": 0, "percent_statements_covered": 100.0, "percent_statements_covered_display": "100"}, "missing_lines": [], "excluded_lines": [], "start_line": 117}, "_parse_exchange_rates": {"executed_lines": [137, 138, 141, 143], "summary": {"covered_lines": 4, "num_statements": 7, "percent_covered": 57.142857142857146, "percent_covered_display": "57", "missing_lines": 3, "excluded_lines": 0, "percent_statements_covered": 57.142857142857146, "percent_statements_covered_display": "57"}, "missing_lines": [139, 140, 142], "excluded_lines": [], "start_line": 135}, "_fidelity_preview": {"executed_lines": [160, 161, 162, 163, 168, 169, 171], "summary": {"covered_lines": 7, "num_statements": 8, "percent_covered": 87.5, "percent_covered_display": "88", "missing_lines": 1, "excluded_lines": 0, "percent_statements_covered": 87.5, "percent_statements_covered_display": "88"}, "missing_lines": [170], "excluded_lines": [], "start_line": 146}, "import_fidelity_rsu_csv": {"executed_lines": [185, 186, 187], "summary": {"covered_lines": 3, "num_statements": 3, "percent_covered": 100.0, "percent_covered_display": "100", "missing_lines": 0, "excluded_lines": 0, "percent_statements_covered": 100.0, "percent_statements_covered_display": "100"}, "missing_lines": [], "excluded_lines": [], "start_line": 175}, "import_fidelity_sale_pdf": {"executed_lines": [], "summary": {"covered_lines": 0, "num_statements": 3, "percent_covered": 0.0, "percent_covered_display": "0", "missing_lines": 3, "excluded_lines": 0, "percent_statements_covered": 0.0, "percent_statements_covered_display": "0"}, "missing_lines": [202, 203, 204], "excluded_lines": [], "start_line": 191}, "preview_file_import": {"executed_lines": [], "summary": {"covered_lines": 0, "num_statements": 6, "percent_covered": 0.0, "percent_covered_display": "0", "missing_lines": 6, "excluded_lines": 0, "percent_statements_covered": 0.0, "percent_statements_covered_display": "0"}, "missing_lines": [223, 224, 225, 226, 227, 228], "excluded_lines": [], "start_line": 212}, "commit_file_import": {"executed_lines": [], "summary": {"covered_lines": 0, "num_statements": 4, "percent_covered": 0.0, "percent_covered_display": "0", "missing_lines": 4, "excluded_lines": 0, "percent_statements_covered": 0.0, "percent_statements_covered_display": "0"}, "missing_lines": [237, 238, 239, 240], "excluded_lines": [], "start_line": 232}, "": {"executed_lines": [1, 2, 4, 5, 6, 8, 9, 10, 11, 12, 13, 14, 15, 16, 17, 18, 19, 20, 22, 24, 26, 31, 35, 36, 39, 40, 54, 55, 64, 65, 74, 75, 95, 96, 116, 117, 135, 146, 174, 175, 190, 191, 211, 212, 231, 232], "summary": {"covered_lines": 46, "num_statements": 46, "percent_covered": 100.0, "percent_covered_display": "100", "missing_lines": 0, "excluded_lines": 0, "percent_statements_covered": 100.0, "percent_statements_covered_display": "100"}, "missing_lines": [], "excluded_lines": [], "start_line": 1}}, "classes": {"CommitRequest": {"executed_lines": [], "summary": {"covered_lines": 0, "num_statements": 0, "percent_covered": 100.0, "percent_covered_display": "100", "missing_lines": 0, "excluded_lines": 0, "percent_statements_covered": 100.0, "percent_statements_covered_display": "100"}, "missing_lines": [], "excluded_lines": [], "start_line": 35}, "": {"executed_lines": [1, 2, 4, 5, 6, 8, 9, 10, 11, 12, 13, 14, 15, 16, 17, 18, 19, 20, 22, 24, 26, 31, 32, 35, 36, 39, 40, 45, 46, 48, 49, 50, 51, 54, 55, 59, 60, 61, 64, 65, 69, 70, 71, 74, 75, 80, 81, 82, 85, 86, 87, 88, 92, 95, 96, 111, 112, 113, 116, 117, 130, 131, 132, 135, 137, 138, 141, 143, 146, 160, 161, 162, 163, 168, 169, 171, 174, 175, 185, 186, 187, 190, 191, 211, 212, 231, 232], "summary": {"covered_lines": 87, "num_statements": 106, "percent_covered": 82.0754716981132, "percent_covered_display": "82", "missing_lines": 19, "excluded_lines": 0, "percent_statements_covered": 82.0754716981132, "percent_statements_covered_display": "82"}, "missing_lines": [89, 90, 139, 140, 142, 170, 202, 203, 204, 223, 224, 225, 226, 227, 228, 237, 238, 239, 240], "excluded_lines": [], "start_line": 1}}}, "app/api/interest_rates.py": {"executed_lines": [1, 2, 3, 4, 6, 7, 8, 9, 10, 12, 15, 16, 20, 21, 22, 25, 26, 31, 32, 33, 34, 35], "summary": {"covered_lines": 22, "num_statements": 22, "percent_covered": 100.0, "percent_covered_display": "100", "missing_lines": 0, "excluded_lines": 0, "percent_statements_covered": 100.0, "percent_statements_covered_display": "100"}, "missing_lines": [], "excluded_lines": [], "functions": {"list_all_rates": {"executed_lines": [20, 21, 22], "summary": {"covered_lines": 3, "num_statements": 3, "percent_covered": 100.0, "percent_covered_display": "100", "missing_lines": 0, "excluded_lines": 0, "percent_statements_covered": 100.0, "percent_statements_covered_display": "100"}, "missing_lines": [], "excluded_lines": [], "start_line": 16}, "get_rate_for_date": {"executed_lines": [31, 32, 33, 34, 35], "summary": {"covered_lines": 5, "num_statements": 5, "percent_covered": 100.0, "percent_covered_display": "100", "missing_lines": 0, "excluded_lines": 0, "percent_statements_covered": 100.0, "percent_statements_covered_display": "100"}, "missing_lines": [], "excluded_lines": [], "start_line": 26}, "": {"executed_lines": [1, 2, 3, 4, 6, 7, 8, 9, 10, 12, 15, 16, 25, 26], "summary": {"covered_lines": 14, "num_statements": 14, "percent_covered": 100.0, "percent_covered_display": "100", "missing_lines": 0, "excluded_lines": 0, "percent_statements_covered": 100.0, "percent_statements_covered_display": "100"}, "missing_lines": [], "excluded_lines": [], "start_line": 1}}, "classes": {"": {"executed_lines": [1, 2, 3, 4, 6, 7, 8, 9, 10, 12, 15, 16, 20, 21, 22, 25, 26, 31, 32, 33, 34, 35], "summary": {"covered_lines": 22, "num_statements": 22, "percent_covered": 100.0, "percent_covered_display": "100", "missing_lines": 0, "excluded_lines": 0, "percent_statements_covered": 100.0, "percent_statements_covered_display": "100"}, "missing_lines": [], "excluded_lines": [], "start_line": 1}}}, "app/api/prices.py": {"executed_lines": [1, 2, 3, 4, 5, 6, 8, 11, 12, 13, 14, 15, 16, 17, 26, 27, 28, 29, 30, 31, 32, 41, 42, 43, 44, 45, 46], "summary": {"covered_lines": 27, "num_statements": 27, "percent_covered": 100.0, "percent_covered_display": "100", "missing_lines": 0, "excluded_lines": 0, "percent_statements_covered": 100.0, "percent_statements_covered_display": "100"}, "missing_lines": [], "excluded_lines": [], "functions": {"get_price": {"executed_lines": [13, 14, 15, 16, 17], "summary": {"covered_lines": 5, "num_statements": 5, "percent_covered": 100.0, "percent_covered_display": "100", "missing_lines": 0, "excluded_lines": 0, "percent_statements_covered": 100.0, "percent_statements_covered_display": "100"}, "missing_lines": [], "excluded_lines": [], "start_line": 12}, "refresh_price": {"executed_lines": [28, 29, 30, 31, 32], "summary": {"covered_lines": 5, "num_statements": 5, "percent_covered": 100.0, "percent_covered_display": "100", "missing_lines": 0, "excluded_lines": 0, "percent_statements_covered": 100.0, "percent_statements_covered_display": "100"}, "missing_lines": [], "excluded_lines": [], "start_line": 27}, "refresh_all": {"executed_lines": [43, 44, 45, 46], "summary": {"covered_lines": 4, "num_statements": 4, "percent_covered": 100.0, "percent_covered_display": "100", "missing_lines": 0, "excluded_lines": 0, "percent_statements_covered": 100.0, "percent_statements_covered_display": "100"}, "missing_lines": [], "excluded_lines": [], "start_line": 42}, "": {"executed_lines": [1, 2, 3, 4, 5, 6, 8, 11, 12, 26, 27, 41, 42], "summary": {"covered_lines": 13, "num_statements": 13, "percent_covered": 100.0, "percent_covered_display": "100", "missing_lines": 0, "excluded_lines": 0, "percent_statements_covered": 100.0, "percent_statements_covered_display": "100"}, "missing_lines": [], "excluded_lines": [], "start_line": 1}}, "classes": {"": {"executed_lines": [1, 2, 3, 4, 5, 6, 8, 11, 12, 13, 14, 15, 16, 17, 26, 27, 28, 29, 30, 31, 32, 41, 42, 43, 44, 45, 46], "summary": {"covered_lines": 27, "num_statements": 27, "percent_covered": 100.0, "percent_covered_display": "100", "missing_lines": 0, "excluded_lines": 0, "percent_statements_covered": 100.0, "percent_statements_covered_display": "100"}, "missing_lines": [], "excluded_lines": [], "start_line": 1}}}, "app/api/returns.py": {"executed_lines": [1, 2, 4, 5, 7, 8, 9, 13, 15, 17, 20, 21, 24, 25, 26, 27, 28, 37, 38, 39, 42, 43, 57, 58, 65, 67, 68, 74, 75, 79, 80, 81, 84, 85, 89, 92, 93, 97, 98], "summary": {"covered_lines": 39, "num_statements": 49, "percent_covered": 79.59183673469387, "percent_covered_display": "80", "missing_lines": 10, "excluded_lines": 0, "percent_statements_covered": 79.59183673469387, "percent_statements_covered_display": "80"}, "missing_lines": [47, 48, 49, 50, 51, 52, 53, 54, 66, 76], "excluded_lines": [], "functions": {"get_returns_service": {"executed_lines": [21], "summary": {"covered_lines": 1, "num_statements": 1, "percent_covered": 100.0, "percent_covered_display": "100", "missing_lines": 0, "excluded_lines": 0, "percent_statements_covered": 100.0, "percent_statements_covered_display": "100"}, "missing_lines": [], "excluded_lines": [], "start_line": 20}, "_paginate": {"executed_lines": [25, 26, 27, 28], "summary": {"covered_lines": 4, "num_statements": 4, "percent_covered": 100.0, "percent_covered_display": "100", "missing_lines": 0, "excluded_lines": 0, "percent_statements_covered": 100.0, "percent_statements_covered_display": "100"}, "missing_lines": [], "excluded_lines": [], "start_line": 24}, "get_asset_returns": {"executed_lines": [39], "summary": {"covered_lines": 1, "num_statements": 1, "percent_covered": 100.0, "percent_covered_display": "100", "missing_lines": 0, "excluded_lines": 0, "percent_statements_covered": 100.0, "percent_statements_covered_display": "100"}, "missing_lines": [], "excluded_lines": [], "start_line": 38}, "get_bulk_returns": {"executed_lines": [], "summary": {"covered_lines": 0, "num_statements": 8, "percent_covered": 0.0, "percent_covered_display": "0", "missing_lines": 8, "excluded_lines": 0, "percent_statements_covered": 0.0, "percent_statements_covered_display": "0"}, "missing_lines": [47, 48, 49, 50, 51, 52, 53, 54], "excluded_lines": [], "start_line": 43}, "get_asset_lots": {"executed_lines": [65, 67, 68], "summary": {"covered_lines": 3, "num_statements": 4, "percent_covered": 75.0, "percent_covered_display": "75", "missing_lines": 1, "excluded_lines": 0, "percent_statements_covered": 75.0, "percent_statements_covered_display": "75"}, "missing_lines": [66], "excluded_lines": [], "start_line": 58}, "get_returns_breakdown": {"executed_lines": [], "summary": {"covered_lines": 0, "num_statements": 1, "percent_covered": 0.0, "percent_covered_display": "0", "missing_lines": 1, "excluded_lines": 0, "percent_statements_covered": 0.0, "percent_statements_covered_display": "0"}, "missing_lines": [76], "excluded_lines": [], "start_line": 75}, "get_overview_allocation": {"executed_lines": [81], "summary": {"covered_lines": 1, "num_statements": 1, "percent_covered": 100.0, "percent_covered_display": "100", "missing_lines": 0, "excluded_lines": 0, "percent_statements_covered": 100.0, "percent_statements_covered_display": "100"}, "missing_lines": [], "excluded_lines": [], "start_line": 80}, "get_overview_gainers": {"executed_lines": [89], "summary": {"covered_lines": 1, "num_statements": 1, "percent_covered": 100.0, "percent_covered_display": "100", "missing_lines": 0, "excluded_lines": 0, "percent_statements_covered": 100.0, "percent_statements_covered_display": "100"}, "missing_lines": [], "excluded_lines": [], "start_line": 85}, "get_returns_overview": {"executed_lines": [97, 98], "summary": {"covered_lines": 2, "num_statements": 2, "percent_covered": 100.0, "percent_covered_display": "100", "missing_lines": 0, "excluded_lines": 0, "percent_statements_covered": 100.0, "percent_statements_covered_display": "100"}, "missing_lines": [], "excluded_lines": [], "start_line": 93}, "": {"executed_lines": [1, 2, 4, 5, 7, 8, 9, 13, 15, 17, 20, 24, 37, 38, 42, 43, 57, 58, 74, 75, 79, 80, 84, 85, 92, 93], "summary": {"covered_lines": 26, "num_statements": 26, "percent_covered": 100.0, "percent_covered_display": "100", "missing_lines": 0, "excluded_lines": 0, "percent_statements_covered": 100.0, "percent_statements_covered_display": "100"}, "missing_lines": [], "excluded_lines": [], "start_line": 1}}, "classes": {"": {"executed_lines": [1, 2, 4, 5, 7, 8, 9, 13, 15, 17, 20, 21, 24, 25, 26, 27, 28, 37, 38, 39, 42, 43, 57, 58, 65, 67, 68, 74, 75, 79, 80, 81, 84, 85, 89, 92, 93, 97, 98], "summary": {"covered_lines": 39, "num_statements": 49, "percent_covered": 79.59183673469387, "percent_covered_display": "80", "missing_lines": 10, "excluded_lines": 0, "percent_statements_covered": 79.59183673469387, "percent_statements_covered_display": "80"}, "missing_lines": [47, 48, 49, 50, 51, 52, 53, 54, 66, 76], "excluded_lines": [], "start_line": 1}}}, "app/api/snapshots.py": {"executed_lines": [1, 2, 3, 4, 6, 7, 9, 12, 13, 17, 18], "summary": {"covered_lines": 11, "num_statements": 13, "percent_covered": 84.61538461538461, "percent_covered_display": "85", "missing_lines": 2, "excluded_lines": 0, "percent_statements_covered": 84.61538461538461, "percent_statements_covered_display": "85"}, "missing_lines": [14, 23], "excluded_lines": [], "functions": {"take_snapshot": {"executed_lines": [], "summary": {"covered_lines": 0, "num_statements": 1, "percent_covered": 0.0, "percent_covered_display": "0", "missing_lines": 1, "excluded_lines": 0, "percent_statements_covered": 0.0, "percent_statements_covered_display": "0"}, "missing_lines": [14], "excluded_lines": [], "start_line": 13}, "list_snapshots": {"executed_lines": [], "summary": {"covered_lines": 0, "num_statements": 1, "percent_covered": 0.0, "percent_covered_display": "0", "missing_lines": 1, "excluded_lines": 0, "percent_statements_covered": 0.0, "percent_statements_covered_display": "0"}, "missing_lines": [23], "excluded_lines": [], "start_line": 18}, "": {"executed_lines": [1, 2, 3, 4, 6, 7, 9, 12, 13, 17, 18], "summary": {"covered_lines": 11, "num_statements": 11, "percent_covered": 100.0, "percent_covered_display": "100", "missing_lines": 0, "excluded_lines": 0, "percent_statements_covered": 100.0, "percent_statements_covered_display": "100"}, "missing_lines": [], "excluded_lines": [], "start_line": 1}}, "classes": {"": {"executed_lines": [1, 2, 3, 4, 6, 7, 9, 12, 13, 17, 18], "summary": {"covered_lines": 11, "num_statements": 13, "percent_covered": 84.61538461538461, "percent_covered_display": "85", "missing_lines": 2, "excluded_lines": 0, "percent_statements_covered": 84.61538461538461, "percent_statements_covered_display": "85"}, "missing_lines": [14, 23], "excluded_lines": [], "start_line": 1}}}, "app/api/tax.py": {"executed_lines": [1, 3, 4, 6, 7, 8, 9, 11, 12, 15, 16, 19, 20, 24, 25, 26, 27, 28, 31, 32, 33, 36, 37, 38], "summary": {"covered_lines": 24, "num_statements": 24, "percent_covered": 100.0, "percent_covered_display": "100", "missing_lines": 0, "excluded_lines": 0, "percent_statements_covered": 100.0, "percent_statements_covered_display": "100"}, "missing_lines": [], "excluded_lines": [], "functions": {"get_tax_service": {"executed_lines": [16], "summary": {"covered_lines": 1, "num_statements": 1, "percent_covered": 100.0, "percent_covered_display": "100", "missing_lines": 0, "excluded_lines": 0, "percent_statements_covered": 100.0, "percent_statements_covered_display": "100"}, "missing_lines": [], "excluded_lines": [], "start_line": 15}, "get_tax_summary": {"executed_lines": [24, 25, 26, 27, 28], "summary": {"covered_lines": 5, "num_statements": 5, "percent_covered": 100.0, "percent_covered_display": "100", "missing_lines": 0, "excluded_lines": 0, "percent_statements_covered": 100.0, "percent_statements_covered_display": "100"}, "missing_lines": [], "excluded_lines": [], "start_line": 20}, "get_unrealised": {"executed_lines": [33], "summary": {"covered_lines": 1, "num_statements": 1, "percent_covered": 100.0, "percent_covered_display": "100", "missing_lines": 0, "excluded_lines": 0, "percent_statements_covered": 100.0, "percent_statements_covered_display": "100"}, "missing_lines": [], "excluded_lines": [], "start_line": 32}, "get_harvest_opportunities": {"executed_lines": [38], "summary": {"covered_lines": 1, "num_statements": 1, "percent_covered": 100.0, "percent_covered_display": "100", "missing_lines": 0, "excluded_lines": 0, "percent_statements_covered": 100.0, "percent_statements_covered_display": "100"}, "missing_lines": [], "excluded_lines": [], "start_line": 37}, "": {"executed_lines": [1, 3, 4, 6, 7, 8, 9, 11, 12, 15, 19, 20, 31, 32, 36, 37], "summary": {"covered_lines": 16, "num_statements": 16, "percent_covered": 100.0, "percent_covered_display": "100", "missing_lines": 0, "excluded_lines": 0, "percent_statements_covered": 100.0, "percent_statements_covered_display": "100"}, "missing_lines": [], "excluded_lines": [], "start_line": 1}}, "classes": {"": {"executed_lines": [1, 3, 4, 6, 7, 8, 9, 11, 12, 15, 16, 19, 20, 24, 25, 26, 27, 28, 31, 32, 33, 36, 37, 38], "summary": {"covered_lines": 24, "num_statements": 24, "percent_covered": 100.0, "percent_covered_display": "100", "missing_lines": 0, "excluded_lines": 0, "percent_statements_covered": 100.0, "percent_statements_covered_display": "100"}, "missing_lines": [], "excluded_lines": [], "start_line": 1}}}, "app/api/transactions.py": {"executed_lines": [1, 2, 4, 5, 6, 8, 11, 12, 18, 19, 28, 29, 34, 35, 38, 39, 49, 50, 55], "summary": {"covered_lines": 19, "num_statements": 21, "percent_covered": 90.47619047619048, "percent_covered_display": "90", "missing_lines": 2, "excluded_lines": 0, "percent_statements_covered": 90.47619047619048, "percent_statements_covered_display": "90"}, "missing_lines": [45, 46], "excluded_lines": [], "functions": {"list_transactions": {"executed_lines": [18, 19], "summary": {"covered_lines": 2, "num_statements": 2, "percent_covered": 100.0, "percent_covered_display": "100", "missing_lines": 0, "excluded_lines": 0, "percent_statements_covered": 100.0, "percent_statements_covered_display": "100"}, "missing_lines": [], "excluded_lines": [], "start_line": 12}, "create_transaction": {"executed_lines": [34, 35], "summary": {"covered_lines": 2, "num_statements": 2, "percent_covered": 100.0, "percent_covered_display": "100", "missing_lines": 0, "excluded_lines": 0, "percent_statements_covered": 100.0, "percent_statements_covered_display": "100"}, "missing_lines": [], "excluded_lines": [], "start_line": 29}, "update_transaction": {"executed_lines": [], "summary": {"covered_lines": 0, "num_statements": 2, "percent_covered": 0.0, "percent_covered_display": "0", "missing_lines": 2, "excluded_lines": 0, "percent_statements_covered": 0.0, "percent_statements_covered_display": "0"}, "missing_lines": [45, 46], "excluded_lines": [], "start_line": 39}, "delete_transaction": {"executed_lines": [55], "summary": {"covered_lines": 1, "num_statements": 1, "percent_covered": 100.0, "percent_covered_display": "100", "missing_lines": 0, "excluded_lines": 0, "percent_statements_covered": 100.0, "percent_statements_covered_display": "100"}, "missing_lines": [], "excluded_lines": [], "start_line": 50}, "": {"executed_lines": [1, 2, 4, 5, 6, 8, 11, 12, 28, 29, 38, 39, 49, 50], "summary": {"covered_lines": 14, "num_statements": 14, "percent_covered": 100.0, "percent_covered_display": "100", "missing_lines": 0, "excluded_lines": 0, "percent_statements_covered": 100.0, "percent_statements_covered_display": "100"}, "missing_lines": [], "excluded_lines": [], "start_line": 1}}, "classes": {"": {"executed_lines": [1, 2, 4, 5, 6, 8, 11, 12, 18, 19, 28, 29, 34, 35, 38, 39, 49, 50, 55], "summary": {"covered_lines": 19, "num_statements": 21, "percent_covered": 90.47619047619048, "percent_covered_display": "90", "missing_lines": 2, "excluded_lines": 0, "percent_statements_covered": 90.47619047619048, "percent_statements_covered_display": "90"}, "missing_lines": [45, 46], "excluded_lines": [], "start_line": 1}}}, "app/api/valuations.py": {"executed_lines": [1, 2, 4, 5, 6, 7, 8, 10, 13, 14, 15, 16, 18, 19, 20, 23, 24, 25, 26, 29, 30, 31, 33, 34, 35, 38, 39, 40, 41, 44, 45, 46, 48], "summary": {"covered_lines": 33, "num_statements": 37, "percent_covered": 89.1891891891892, "percent_covered_display": "89", "missing_lines": 4, "excluded_lines": 0, "percent_statements_covered": 89.1891891891892, "percent_statements_covered_display": "89"}, "missing_lines": [17, 27, 42, 47], "excluded_lines": [], "functions": {"list_valuations": {"executed_lines": [15, 16, 18, 19, 20], "summary": {"covered_lines": 5, "num_statements": 6, "percent_covered": 83.33333333333333, "percent_covered_display": "83", "missing_lines": 1, "excluded_lines": 0, "percent_statements_covered": 83.33333333333333, "percent_statements_covered_display": "83"}, "missing_lines": [17], "excluded_lines": [], "start_line": 14}, "create_valuation": {"executed_lines": [25, 26, 29, 30, 31, 33, 34, 35], "summary": {"covered_lines": 8, "num_statements": 9, "percent_covered": 88.88888888888889, "percent_covered_display": "89", "missing_lines": 1, "excluded_lines": 0, "percent_statements_covered": 88.88888888888889, "percent_statements_covered_display": "89"}, "missing_lines": [27], "excluded_lines": [], "start_line": 24}, "delete_valuation": {"executed_lines": [40, 41, 44, 45, 46, 48], "summary": {"covered_lines": 6, "num_statements": 8, "percent_covered": 75.0, "percent_covered_display": "75", "missing_lines": 2, "excluded_lines": 0, "percent_statements_covered": 75.0, "percent_statements_covered_display": "75"}, "missing_lines": [42, 47], "excluded_lines": [], "start_line": 39}, "": {"executed_lines": [1, 2, 4, 5, 6, 7, 8, 10, 13, 14, 23, 24, 38, 39], "summary": {"covered_lines": 14, "num_statements": 14, "percent_covered": 100.0, "percent_covered_display": "100", "missing_lines": 0, "excluded_lines": 0, "percent_statements_covered": 100.0, "percent_statements_covered_display": "100"}, "missing_lines": [], "excluded_lines": [], "start_line": 1}}, "classes": {"": {"executed_lines": [1, 2, 4, 5, 6, 7, 8, 10, 13, 14, 15, 16, 18, 19, 20, 23, 24, 25, 26, 29, 30, 31, 33, 34, 35, 38, 39, 40, 41, 44, 45, 46, 48], "summary": {"covered_lines": 33, "num_statements": 37, "percent_covered": 89.1891891891892, "percent_covered_display": "89", "missing_lines": 4, "excluded_lines": 0, "percent_statements_covered": 89.1891891891892, "percent_statements_covered_display": "89"}, "missing_lines": [17, 27, 42, 47], "excluded_lines": [], "start_line": 1}}}, "app/config/__init__.py": {"executed_lines": [], "summary": {"covered_lines": 0, "num_statements": 0, "percent_covered": 100.0, "percent_covered_display": "100", "missing_lines": 0, "excluded_lines": 0, "percent_statements_covered": 100.0, "percent_statements_covered_display": "100"}, "missing_lines": [], "excluded_lines": [], "functions": {"": {"executed_lines": [], "summary": {"covered_lines": 0, "num_statements": 0, "percent_covered": 100.0, "percent_covered_display": "100", "missing_lines": 0, "excluded_lines": 0, "percent_statements_covered": 100.0, "percent_statements_covered_display": "100"}, "missing_lines": [], "excluded_lines": [], "start_line": 1}}, "classes": {"": {"executed_lines": [], "summary": {"covered_lines": 0, "num_statements": 0, "percent_covered": 100.0, "percent_covered_display": "100", "missing_lines": 0, "excluded_lines": 0, "percent_statements_covered": 100.0, "percent_statements_covered_display": "100"}, "missing_lines": [], "excluded_lines": [], "start_line": 1}}}, "app/config/tax_rates/__init__.py": {"executed_lines": [], "summary": {"covered_lines": 0, "num_statements": 0, "percent_covered": 100.0, "percent_covered_display": "100", "missing_lines": 0, "excluded_lines": 0, "percent_statements_covered": 100.0, "percent_statements_covered_display": "100"}, "missing_lines": [], "excluded_lines": [], "functions": {"": {"executed_lines": [], "summary": {"covered_lines": 0, "num_statements": 0, "percent_covered": 100.0, "percent_covered_display": "100", "missing_lines": 0, "excluded_lines": 0, "percent_statements_covered": 100.0, "percent_statements_covered_display": "100"}, "missing_lines": [], "excluded_lines": [], "start_line": 1}}, "classes": {"": {"executed_lines": [], "summary": {"covered_lines": 0, "num_statements": 0, "percent_covered": 100.0, "percent_covered_display": "100", "missing_lines": 0, "excluded_lines": 0, "percent_statements_covered": 100.0, "percent_statements_covered_display": "100"}, "missing_lines": [], "excluded_lines": [], "start_line": 1}}}, "app/database.py": {"executed_lines": [1, 2, 3, 4, 6, 8, 11, 12, 15, 17, 18, 19, 20, 23, 24, 25, 26, 27, 28, 29, 30, 33, 34, 37], "summary": {"covered_lines": 24, "num_statements": 28, "percent_covered": 85.71428571428571, "percent_covered_display": "86", "missing_lines": 4, "excluded_lines": 0, "percent_statements_covered": 85.71428571428571, "percent_statements_covered_display": "86"}, "missing_lines": [38, 39, 40, 42], "excluded_lines": [], "functions": {"_set_sqlite_pragma": {"executed_lines": [17, 18, 19, 20], "summary": {"covered_lines": 4, "num_statements": 4, "percent_covered": 100.0, "percent_covered_display": "100", "missing_lines": 0, "excluded_lines": 0, "percent_statements_covered": 100.0, "percent_statements_covered_display": "100"}, "missing_lines": [], "excluded_lines": [], "start_line": 15}, "create_db_engine": {"executed_lines": [24, 25, 26, 27, 28, 29, 30], "summary": {"covered_lines": 7, "num_statements": 7, "percent_covered": 100.0, "percent_covered_display": "100", "missing_lines": 0, "excluded_lines": 0, "percent_statements_covered": 100.0, "percent_statements_covered_display": "100"}, "missing_lines": [], "excluded_lines": [], "start_line": 23}, "get_db": {"executed_lines": [], "summary": {"covered_lines": 0, "num_statements": 4, "percent_covered": 0.0, "percent_covered_display": "0", "missing_lines": 4, "excluded_lines": 0, "percent_statements_covered": 0.0, "percent_statements_covered_display": "0"}, "missing_lines": [38, 39, 40, 42], "excluded_lines": [], "start_line": 37}, "": {"executed_lines": [1, 2, 3, 4, 6, 8, 11, 12, 15, 23, 33, 34, 37], "summary": {"covered_lines": 13, "num_statements": 13, "percent_covered": 100.0, "percent_covered_display": "100", "missing_lines": 0, "excluded_lines": 0, "percent_statements_covered": 100.0, "percent_statements_covered_display": "100"}, "missing_lines": [], "excluded_lines": [], "start_line": 1}}, "classes": {"Base": {"executed_lines": [], "summary": {"covered_lines": 0, "num_statements": 0, "percent_covered": 100.0, "percent_covered_display": "100", "missing_lines": 0, "excluded_lines": 0, "percent_statements_covered": 100.0, "percent_statements_covered_display": "100"}, "missing_lines": [], "excluded_lines": [], "start_line": 11}, "": {"executed_lines": [1, 2, 3, 4, 6, 8, 11, 12, 15, 17, 18, 19, 20, 23, 24, 25, 26, 27, 28, 29, 30, 33, 34, 37], "summary": {"covered_lines": 24, "num_statements": 28, "percent_covered": 85.71428571428571, "percent_covered_display": "86", "missing_lines": 4, "excluded_lines": 0, "percent_statements_covered": 85.71428571428571, "percent_statements_covered_display": "86"}, "missing_lines": [38, 39, 40, 42], "excluded_lines": [], "start_line": 1}}}, "app/engine/__init__.py": {"executed_lines": [], "summary": {"covered_lines": 0, "num_statements": 0, "percent_covered": 100.0, "percent_covered_display": "100", "missing_lines": 0, "excluded_lines": 0, "percent_statements_covered": 100.0, "percent_statements_covered_display": "100"}, "missing_lines": [], "excluded_lines": [], "functions": {"": {"executed_lines": [], "summary": {"covered_lines": 0, "num_statements": 0, "percent_covered": 100.0, "percent_covered_display": "100", "missing_lines": 0, "excluded_lines": 0, "percent_statements_covered": 100.0, "percent_statements_covered_display": "100"}, "missing_lines": [], "excluded_lines": [], "start_line": 1}}, "classes": {"": {"executed_lines": [], "summary": {"covered_lines": 0, "num_statements": 0, "percent_covered": 100.0, "percent_covered_display": "100", "missing_lines": 0, "excluded_lines": 0, "percent_statements_covered": 100.0, "percent_statements_covered_display": "100"}, "missing_lines": [], "excluded_lines": [], "start_line": 1}}}, "app/engine/allocation.py": {"executed_lines": [7, 10, 24, 25, 26, 28, 30, 31, 33, 42, 44, 47, 64, 65, 66], "summary": {"covered_lines": 15, "num_statements": 15, "percent_covered": 100.0, "percent_covered_display": "100", "missing_lines": 0, "excluded_lines": 0, "percent_statements_covered": 100.0, "percent_statements_covered_display": "100"}, "missing_lines": [], "excluded_lines": [], "functions": {"compute_allocation": {"executed_lines": [24, 25, 26, 28, 30, 31, 33, 42, 44], "summary": {"covered_lines": 9, "num_statements": 9, "percent_covered": 100.0, "percent_covered_display": "100", "missing_lines": 0, "excluded_lines": 0, "percent_statements_covered": 100.0, "percent_statements_covered_display": "100"}, "missing_lines": [], "excluded_lines": [], "start_line": 10}, "find_top_gainers": {"executed_lines": [64, 65, 66], "summary": {"covered_lines": 3, "num_statements": 3, "percent_covered": 100.0, "percent_covered_display": "100", "missing_lines": 0, "excluded_lines": 0, "percent_statements_covered": 100.0, "percent_statements_covered_display": "100"}, "missing_lines": [], "excluded_lines": [], "start_line": 47}, "": {"executed_lines": [7, 10, 47], "summary": {"covered_lines": 3, "num_statements": 3, "percent_covered": 100.0, "percent_covered_display": "100", "missing_lines": 0, "excluded_lines": 0, "percent_statements_covered": 100.0, "percent_statements_covered_display": "100"}, "missing_lines": [], "excluded_lines": [], "start_line": 1}}, "classes": {"": {"executed_lines": [7, 10, 24, 25, 26, 28, 30, 31, 33, 42, 44, 47, 64, 65, 66], "summary": {"covered_lines": 15, "num_statements": 15, "percent_covered": 100.0, "percent_covered_display": "100", "missing_lines": 0, "excluded_lines": 0, "percent_statements_covered": 100.0, "percent_statements_covered_display": "100"}, "missing_lines": [], "excluded_lines": [], "start_line": 1}}}, "app/engine/fd_engine.py": {"executed_lines": [1, 3, 12, 14, 15, 16, 19, 21, 22, 23, 25, 26, 28, 29, 30, 33, 37, 38, 39, 40, 41, 42, 43, 44, 45], "summary": {"covered_lines": 25, "num_statements": 25, "percent_covered": 100.0, "percent_covered_display": "100", "missing_lines": 0, "excluded_lines": 0, "percent_statements_covered": 100.0, "percent_statements_covered_display": "100"}, "missing_lines": [], "excluded_lines": [], "functions": {"compute_fd_maturity": {"executed_lines": [14, 15, 16], "summary": {"covered_lines": 3, "num_statements": 3, "percent_covered": 100.0, "percent_covered_display": "100", "missing_lines": 0, "excluded_lines": 0, "percent_statements_covered": 100.0, "percent_statements_covered_display": "100"}, "missing_lines": [], "excluded_lines": [], "start_line": 12}, "compute_rd_maturity": {"executed_lines": [21, 22, 23, 25, 26, 28, 29, 30], "summary": {"covered_lines": 8, "num_statements": 8, "percent_covered": 100.0, "percent_covered_display": "100", "missing_lines": 0, "excluded_lines": 0, "percent_statements_covered": 100.0, "percent_statements_covered_display": "100"}, "missing_lines": [], "excluded_lines": [], "start_line": 19}, "compute_fd_current_value": {"executed_lines": [37, 38, 39, 40, 41, 42, 43, 44, 45], "summary": {"covered_lines": 9, "num_statements": 9, "percent_covered": 100.0, "percent_covered_display": "100", "missing_lines": 0, "excluded_lines": 0, "percent_statements_covered": 100.0, "percent_statements_covered_display": "100"}, "missing_lines": [], "excluded_lines": [], "start_line": 33}, "": {"executed_lines": [1, 3, 12, 19, 33], "summary": {"covered_lines": 5, "num_statements": 5, "percent_covered": 100.0, "percent_covered_display": "100", "missing_lines": 0, "excluded_lines": 0, "percent_statements_covered": 100.0, "percent_statements_covered_display": "100"}, "missing_lines": [], "excluded_lines": [], "start_line": 1}}, "classes": {"": {"executed_lines": [1, 3, 12, 14, 15, 16, 19, 21, 22, 23, 25, 26, 28, 29, 30, 33, 37, 38, 39, 40, 41, 42, 43, 44, 45], "summary": {"covered_lines": 25, "num_statements": 25, "percent_covered": 100.0, "percent_covered_display": "100", "missing_lines": 0, "excluded_lines": 0, "percent_statements_covered": 100.0, "percent_statements_covered_display": "100"}, "missing_lines": [], "excluded_lines": [], "start_line": 1}}}, "app/engine/lot_engine.py": {"executed_lines": [9, 10, 11, 17, 18, 19, 20, 22, 24, 38, 39, 40, 41, 42, 43, 44, 47, 48, 49, 50, 57, 72, 73, 75, 77, 79, 80, 81, 83, 84, 85, 86, 87, 88, 90, 91, 92, 93, 95, 96, 97, 98, 100, 112, 119, 137, 138, 140, 141, 143, 144, 145, 146, 147, 149, 161, 170, 171, 172, 179, 188, 192, 197, 198, 199, 200, 201, 202, 204, 205, 206, 207, 208, 209, 210, 211, 212, 214, 216], "summary": {"covered_lines": 79, "num_statements": 79, "percent_covered": 100.0, "percent_covered_display": "100", "missing_lines": 0, "excluded_lines": 0, "percent_statements_covered": 100.0, "percent_statements_covered_display": "100"}, "missing_lines": [], "excluded_lines": [], "functions": {"match_lots_fifo": {"executed_lines": [72, 73, 75, 77, 79, 80, 81, 83, 84, 85, 86, 87, 88, 90, 91, 92, 93, 95, 96, 97, 98, 100, 112], "summary": {"covered_lines": 23, "num_statements": 23, "percent_covered": 100.0, "percent_covered_display": "100", "missing_lines": 0, "excluded_lines": 0, "percent_statements_covered": 100.0, "percent_statements_covered_display": "100"}, "missing_lines": [], "excluded_lines": [], "start_line": 57}, "compute_lot_unrealised": {"executed_lines": [137, 138, 140, 141, 143, 144, 145, 146, 147, 149], "summary": {"covered_lines": 10, "num_statements": 10, "percent_covered": 100.0, "percent_covered_display": "100", "missing_lines": 0, "excluded_lines": 0, "percent_statements_covered": 100.0, "percent_statements_covered_display": "100"}, "missing_lines": [], "excluded_lines": [], "start_line": 119}, "get_tax_cost_basis": {"executed_lines": [170, 171, 172], "summary": {"covered_lines": 3, "num_statements": 3, "percent_covered": 100.0, "percent_covered_display": "100", "missing_lines": 0, "excluded_lines": 0, "percent_statements_covered": 100.0, "percent_statements_covered_display": "100"}, "missing_lines": [], "excluded_lines": [], "start_line": 161}, "compute_gains_summary": {"executed_lines": [188, 192, 197, 198, 199, 200, 201, 202, 204, 205, 206, 207, 208, 209, 210, 211, 212, 214, 216], "summary": {"covered_lines": 19, "num_statements": 19, "percent_covered": 100.0, "percent_covered_display": "100", "missing_lines": 0, "excluded_lines": 0, "percent_statements_covered": 100.0, "percent_statements_covered_display": "100"}, "missing_lines": [], "excluded_lines": [], "start_line": 179}, "": {"executed_lines": [9, 10, 11, 17, 18, 19, 20, 22, 24, 38, 39, 40, 41, 42, 43, 44, 47, 48, 49, 50, 57, 119, 161, 179], "summary": {"covered_lines": 24, "num_statements": 24, "percent_covered": 100.0, "percent_covered_display": "100", "missing_lines": 0, "excluded_lines": 0, "percent_statements_covered": 100.0, "percent_statements_covered_display": "100"}, "missing_lines": [], "excluded_lines": [], "start_line": 1}}, "classes": {"LotLike": {"executed_lines": [], "summary": {"covered_lines": 0, "num_statements": 0, "percent_covered": 100.0, "percent_covered_display": "100", "missing_lines": 0, "excluded_lines": 0, "percent_statements_covered": 100.0, "percent_statements_covered_display": "100"}, "missing_lines": [], "excluded_lines": [], "start_line": 38}, "SellLike": {"executed_lines": [], "summary": {"covered_lines": 0, "num_statements": 0, "percent_covered": 100.0, "percent_covered_display": "100", "missing_lines": 0, "excluded_lines": 0, "percent_statements_covered": 100.0, "percent_statements_covered_display": "100"}, "missing_lines": [], "excluded_lines": [], "start_line": 47}, "": {"executed_lines": [9, 10, 11, 17, 18, 19, 20, 22, 24, 38, 39, 40, 41, 42, 43, 44, 47, 48, 49, 50, 57, 72, 73, 75, 77, 79, 80, 81, 83, 84, 85, 86, 87, 88, 90, 91, 92, 93, 95, 96, 97, 98, 100, 112, 119, 137, 138, 140, 141, 143, 144, 145, 146, 147, 149, 161, 170, 171, 172, 179, 188, 192, 197, 198, 199, 200, 201, 202, 204, 205, 206, 207, 208, 209, 210, 211, 212, 214, 216], "summary": {"covered_lines": 79, "num_statements": 79, "percent_covered": 100.0, "percent_covered_display": "100", "missing_lines": 0, "excluded_lines": 0, "percent_statements_covered": 100.0, "percent_statements_covered_display": "100"}, "missing_lines": [], "excluded_lines": [], "start_line": 1}}}, "app/engine/mf_classifier.py": {"executed_lines": [1, 3, 6, 12, 13, 14, 15, 16, 23, 24, 29, 32, 33], "summary": {"covered_lines": 13, "num_statements": 13, "percent_covered": 100.0, "percent_covered_display": "100", "missing_lines": 0, "excluded_lines": 3, "percent_statements_covered": 100.0, "percent_statements_covered_display": "100"}, "missing_lines": [], "excluded_lines": [26, 27, 28], "functions": {"classify_mf": {"executed_lines": [12, 13, 14, 15, 16], "summary": {"covered_lines": 5, "num_statements": 5, "percent_covered": 100.0, "percent_covered_display": "100", "missing_lines": 0, "excluded_lines": 0, "percent_statements_covered": 100.0, "percent_statements_covered_display": "100"}, "missing_lines": [], "excluded_lines": [], "start_line": 6}, "ISchemeClassifier.classify": {"executed_lines": [], "summary": {"covered_lines": 0, "num_statements": 0, "percent_covered": 100.0, "percent_covered_display": "100", "missing_lines": 0, "excluded_lines": 1, "percent_statements_covered": 100.0, "percent_statements_covered_display": "100"}, "missing_lines": [], "excluded_lines": [26], "start_line": 26}, "DefaultSchemeClassifier.classify": {"executed_lines": [33], "summary": {"covered_lines": 1, "num_statements": 1, "percent_covered": 100.0, "percent_covered_display": "100", "missing_lines": 0, "excluded_lines": 0, "percent_statements_covered": 100.0, "percent_statements_covered_display": "100"}, "missing_lines": [], "excluded_lines": [], "start_line": 32}, "": {"executed_lines": [1, 3, 6, 23, 24, 29, 32], "summary": {"covered_lines": 7, "num_statements": 7, "percent_covered": 100.0, "percent_covered_display": "100", "missing_lines": 0, "excluded_lines": 2, "percent_statements_covered": 100.0, "percent_statements_covered_display": "100"}, "missing_lines": [], "excluded_lines": [27, 28], "start_line": 1}}, "classes": {"ISchemeClassifier": {"executed_lines": [], "summary": {"covered_lines": 0, "num_statements": 0, "percent_covered": 100.0, "percent_covered_display": "100", "missing_lines": 0, "excluded_lines": 1, "percent_statements_covered": 100.0, "percent_statements_covered_display": "100"}, "missing_lines": [], "excluded_lines": [26], "start_line": 24}, "DefaultSchemeClassifier": {"executed_lines": [33], "summary": {"covered_lines": 1, "num_statements": 1, "percent_covered": 100.0, "percent_covered_display": "100", "missing_lines": 0, "excluded_lines": 0, "percent_statements_covered": 100.0, "percent_statements_covered_display": "100"}, "missing_lines": [], "excluded_lines": [], "start_line": 29}, "": {"executed_lines": [1, 3, 6, 12, 13, 14, 15, 16, 23, 24, 29, 32], "summary": {"covered_lines": 12, "num_statements": 12, "percent_covered": 100.0, "percent_covered_display": "100", "missing_lines": 0, "excluded_lines": 2, "percent_statements_covered": 100.0, "percent_statements_covered_display": "100"}, "missing_lines": [], "excluded_lines": [27, 28], "start_line": 1}}}, "app/engine/ppf_epf_engine.py": {"executed_lines": [1, 2, 3, 5, 8, 9, 10, 16, 17, 19, 22, 23, 24, 25], "summary": {"covered_lines": 14, "num_statements": 14, "percent_covered": 100.0, "percent_covered_display": "100", "missing_lines": 0, "excluded_lines": 0, "percent_statements_covered": 100.0, "percent_statements_covered_display": "100"}, "missing_lines": [], "excluded_lines": [], "functions": {"get_applicable_rate": {"executed_lines": [9, 10, 16, 17, 19], "summary": {"covered_lines": 5, "num_statements": 5, "percent_covered": 100.0, "percent_covered_display": "100", "missing_lines": 0, "excluded_lines": 0, "percent_statements_covered": 100.0, "percent_statements_covered_display": "100"}, "missing_lines": [], "excluded_lines": [], "start_line": 8}, "get_latest_valuation": {"executed_lines": [23, 24, 25], "summary": {"covered_lines": 3, "num_statements": 3, "percent_covered": 100.0, "percent_covered_display": "100", "missing_lines": 0, "excluded_lines": 0, "percent_statements_covered": 100.0, "percent_statements_covered_display": "100"}, "missing_lines": [], "excluded_lines": [], "start_line": 22}, "": {"executed_lines": [1, 2, 3, 5, 8, 22], "summary": {"covered_lines": 6, "num_statements": 6, "percent_covered": 100.0, "percent_covered_display": "100", "missing_lines": 0, "excluded_lines": 0, "percent_statements_covered": 100.0, "percent_statements_covered_display": "100"}, "missing_lines": [], "excluded_lines": [], "start_line": 1}}, "classes": {"": {"executed_lines": [1, 2, 3, 5, 8, 9, 10, 16, 17, 19, 22, 23, 24, 25], "summary": {"covered_lines": 14, "num_statements": 14, "percent_covered": 100.0, "percent_covered_display": "100", "missing_lines": 0, "excluded_lines": 0, "percent_statements_covered": 100.0, "percent_statements_covered_display": "100"}, "missing_lines": [], "excluded_lines": [], "start_line": 1}}}, "app/engine/returns.py": {"executed_lines": [1, 2, 4, 6, 7, 8, 14, 19, 22, 28, 29, 30, 31, 32, 35, 36, 37, 38, 39, 41, 42, 44, 45, 48, 49, 50, 51, 52, 53, 54, 57, 58, 59, 60, 61, 62, 63, 64, 65, 66, 67, 68, 69, 70, 72, 73, 80, 81, 82, 83, 86, 87, 88, 89], "summary": {"covered_lines": 54, "num_statements": 59, "percent_covered": 91.52542372881356, "percent_covered_display": "92", "missing_lines": 5, "excluded_lines": 0, "percent_statements_covered": 91.52542372881356, "percent_statements_covered_display": "92"}, "missing_lines": [71, 74, 75, 76, 77], "excluded_lines": [], "functions": {"compute_xirr": {"executed_lines": [28, 29, 30, 31, 32, 35, 36, 37, 38, 39, 41, 44, 48, 49, 50, 51, 52, 53, 54, 57, 58, 59, 60, 61, 62, 63, 64, 65, 66, 67, 68, 69, 70, 72, 73], "summary": {"covered_lines": 35, "num_statements": 40, "percent_covered": 87.5, "percent_covered_display": "88", "missing_lines": 5, "excluded_lines": 0, "percent_statements_covered": 87.5, "percent_statements_covered_display": "88"}, "missing_lines": [71, 74, 75, 76, 77], "excluded_lines": [], "start_line": 22}, "compute_xirr.npv": {"executed_lines": [42], "summary": {"covered_lines": 1, "num_statements": 1, "percent_covered": 100.0, "percent_covered_display": "100", "missing_lines": 0, "excluded_lines": 0, "percent_statements_covered": 100.0, "percent_statements_covered_display": "100"}, "missing_lines": [], "excluded_lines": [], "start_line": 41}, "compute_xirr.npv_deriv": {"executed_lines": [45], "summary": {"covered_lines": 1, "num_statements": 1, "percent_covered": 100.0, "percent_covered_display": "100", "missing_lines": 0, "excluded_lines": 0, "percent_statements_covered": 100.0, "percent_statements_covered_display": "100"}, "missing_lines": [], "excluded_lines": [], "start_line": 44}, "compute_cagr": {"executed_lines": [81, 82, 83], "summary": {"covered_lines": 3, "num_statements": 3, "percent_covered": 100.0, "percent_covered_display": "100", "missing_lines": 0, "excluded_lines": 0, "percent_statements_covered": 100.0, "percent_statements_covered_display": "100"}, "missing_lines": [], "excluded_lines": [], "start_line": 80}, "compute_absolute_return": {"executed_lines": [87, 88, 89], "summary": {"covered_lines": 3, "num_statements": 3, "percent_covered": 100.0, "percent_covered_display": "100", "missing_lines": 0, "excluded_lines": 0, "percent_statements_covered": 100.0, "percent_statements_covered_display": "100"}, "missing_lines": [], "excluded_lines": [], "start_line": 86}, "": {"executed_lines": [1, 2, 4, 6, 7, 8, 14, 19, 22, 80, 86], "summary": {"covered_lines": 11, "num_statements": 11, "percent_covered": 100.0, "percent_covered_display": "100", "missing_lines": 0, "excluded_lines": 0, "percent_statements_covered": 100.0, "percent_statements_covered_display": "100"}, "missing_lines": [], "excluded_lines": [], "start_line": 1}}, "classes": {"": {"executed_lines": [1, 2, 4, 6, 7, 8, 14, 19, 22, 28, 29, 30, 31, 32, 35, 36, 37, 38, 39, 41, 42, 44, 45, 48, 49, 50, 51, 52, 53, 54, 57, 58, 59, 60, 61, 62, 63, 64, 65, 66, 67, 68, 69, 70, 72, 73, 80, 81, 82, 83, 86, 87, 88, 89], "summary": {"covered_lines": 54, "num_statements": 59, "percent_covered": 91.52542372881356, "percent_covered_display": "92", "missing_lines": 5, "excluded_lines": 0, "percent_statements_covered": 91.52542372881356, "percent_statements_covered_display": "92"}, "missing_lines": [71, 74, 75, 76, 77], "excluded_lines": [], "start_line": 1}}}, "app/engine/tax_engine.py": {"executed_lines": [12, 13, 14, 15, 16, 19, 22, 25, 28, 31, 36, 42, 43, 44, 47, 48, 50, 51, 55, 60, 72, 73, 81, 87, 89, 90, 92, 93, 95, 96, 98, 99, 100, 101, 109, 119, 120, 121, 123, 124, 125, 126, 127, 128, 129, 131, 132, 134, 135, 136, 137, 138, 139, 141, 143, 145, 155, 162, 163, 165, 166, 174, 181, 182, 188, 189, 195, 196, 199, 200, 201, 203, 204, 207, 208, 209, 211, 215, 216, 218, 219, 220, 222, 239, 240, 242, 243, 244, 245, 246, 247, 248, 249, 252, 263, 264, 265, 267, 268, 269, 270, 271, 275, 276, 277, 280, 281, 282, 286, 291, 298, 299, 300, 301, 302, 303, 305, 306], "summary": {"covered_lines": 118, "num_statements": 122, "percent_covered": 96.72131147540983, "percent_covered_display": "97", "missing_lines": 4, "excluded_lines": 0, "percent_statements_covered": 96.72131147540983, "percent_statements_covered_display": "97"}, "missing_lines": [52, 104, 212, 213], "excluded_lines": [], "functions": {"parse_fy": {"executed_lines": [42, 43, 44, 47, 48, 50, 51, 55], "summary": {"covered_lines": 8, "num_statements": 9, "percent_covered": 88.88888888888889, "percent_covered_display": "89", "missing_lines": 1, "excluded_lines": 0, "percent_statements_covered": 88.88888888888889, "percent_statements_covered_display": "89"}, "missing_lines": [52], "excluded_lines": [], "start_line": 36}, "classify_holding": {"executed_lines": [72, 73], "summary": {"covered_lines": 2, "num_statements": 2, "percent_covered": 100.0, "percent_covered_display": "100", "missing_lines": 0, "excluded_lines": 0, "percent_statements_covered": 100.0, "percent_statements_covered_display": "100"}, "missing_lines": [], "excluded_lines": [], "start_line": 60}, "get_tax_rate": {"executed_lines": [87, 89, 90, 92, 93, 95, 96, 98, 99, 100, 101], "summary": {"covered_lines": 11, "num_statements": 12, "percent_covered": 91.66666666666667, "percent_covered_display": "92", "missing_lines": 1, "excluded_lines": 0, "percent_statements_covered": 91.66666666666667, "percent_statements_covered_display": "92"}, "missing_lines": [104], "excluded_lines": [], "start_line": 81}, "compute_fy_realised_gains": {"executed_lines": [119, 120, 121, 123, 124, 125, 126, 127, 128, 129, 131, 132, 134, 135, 136, 137, 138, 139, 141, 143, 145], "summary": {"covered_lines": 21, "num_statements": 21, "percent_covered": 100.0, "percent_covered_display": "100", "missing_lines": 0, "excluded_lines": 0, "percent_statements_covered": 100.0, "percent_statements_covered_display": "100"}, "missing_lines": [], "excluded_lines": [], "start_line": 109}, "apply_ltcg_exemption": {"executed_lines": [162, 163, 165, 166], "summary": {"covered_lines": 4, "num_statements": 4, "percent_covered": 100.0, "percent_covered_display": "100", "missing_lines": 0, "excluded_lines": 0, "percent_statements_covered": 100.0, "percent_statements_covered_display": "100"}, "missing_lines": [], "excluded_lines": [], "start_line": 155}, "estimate_tax": {"executed_lines": [181, 182, 188, 189, 195, 196, 199, 200, 201, 203, 204, 207, 208, 209, 211, 215, 216, 218, 219, 220, 222], "summary": {"covered_lines": 21, "num_statements": 23, "percent_covered": 91.30434782608695, "percent_covered_display": "91", "missing_lines": 2, "excluded_lines": 0, "percent_statements_covered": 91.30434782608695, "percent_statements_covered_display": "91"}, "missing_lines": [212, 213], "excluded_lines": [], "start_line": 174}, "TaxRatePolicy.__init__": {"executed_lines": [264, 265], "summary": {"covered_lines": 2, "num_statements": 2, "percent_covered": 100.0, "percent_covered_display": "100", "missing_lines": 0, "excluded_lines": 0, "percent_statements_covered": 100.0, "percent_statements_covered_display": "100"}, "missing_lines": [], "excluded_lines": [], "start_line": 263}, "TaxRatePolicy.get_rate": {"executed_lines": [268, 269, 270, 271, 275, 276, 277, 280, 281, 282, 286], "summary": {"covered_lines": 11, "num_statements": 11, "percent_covered": 100.0, "percent_covered_display": "100", "missing_lines": 0, "excluded_lines": 0, "percent_statements_covered": 100.0, "percent_statements_covered_display": "100"}, "missing_lines": [], "excluded_lines": [], "start_line": 267}, "find_harvest_opportunities": {"executed_lines": [298, 299, 300, 301, 302, 303, 305, 306], "summary": {"covered_lines": 8, "num_statements": 8, "percent_covered": 100.0, "percent_covered_display": "100", "missing_lines": 0, "excluded_lines": 0, "percent_statements_covered": 100.0, "percent_statements_covered_display": "100"}, "missing_lines": [], "excluded_lines": [], "start_line": 291}, "": {"executed_lines": [12, 13, 14, 15, 16, 19, 22, 25, 28, 31, 36, 60, 81, 109, 155, 174, 239, 240, 242, 243, 244, 245, 246, 247, 248, 249, 252, 263, 267, 291], "summary": {"covered_lines": 30, "num_statements": 30, "percent_covered": 100.0, "percent_covered_display": "100", "missing_lines": 0, "excluded_lines": 0, "percent_statements_covered": 100.0, "percent_statements_covered_display": "100"}, "missing_lines": [], "excluded_lines": [], "start_line": 1}}, "classes": {"TaxRate": {"executed_lines": [], "summary": {"covered_lines": 0, "num_statements": 0, "percent_covered": 100.0, "percent_covered_display": "100", "missing_lines": 0, "excluded_lines": 0, "percent_statements_covered": 100.0, "percent_statements_covered_display": "100"}, "missing_lines": [], "excluded_lines": [], "start_line": 240}, "TaxRatePolicy": {"executed_lines": [264, 265, 268, 269, 270, 271, 275, 276, 277, 280, 281, 282, 286], "summary": {"covered_lines": 13, "num_statements": 13, "percent_covered": 100.0, "percent_covered_display": "100", "missing_lines": 0, "excluded_lines": 0, "percent_statements_covered": 100.0, "percent_statements_covered_display": "100"}, "missing_lines": [], "excluded_lines": [], "start_line": 252}, "": {"executed_lines": [12, 13, 14, 15, 16, 19, 22, 25, 28, 31, 36, 42, 43, 44, 47, 48, 50, 51, 55, 60, 72, 73, 81, 87, 89, 90, 92, 93, 95, 96, 98, 99, 100, 101, 109, 119, 120, 121, 123, 124, 125, 126, 127, 128, 129, 131, 132, 134, 135, 136, 137, 138, 139, 141, 143, 145, 155, 162, 163, 165, 166, 174, 181, 182, 188, 189, 195, 196, 199, 200, 201, 203, 204, 207, 208, 209, 211, 215, 216, 218, 219, 220, 222, 239, 240, 242, 243, 244, 245, 246, 247, 248, 249, 252, 263, 267, 291, 298, 299, 300, 301, 302, 303, 305, 306], "summary": {"covered_lines": 105, "num_statements": 109, "percent_covered": 96.3302752293578, "percent_covered_display": "96", "missing_lines": 4, "excluded_lines": 0, "percent_statements_covered": 96.3302752293578, "percent_statements_covered_display": "96"}, "missing_lines": [52, 104, 212, 213], "excluded_lines": [], "start_line": 1}}}, "app/importers/__init__.py": {"executed_lines": [], "summary": {"covered_lines": 0, "num_statements": 0, "percent_covered": 100.0, "percent_covered_display": "100", "missing_lines": 0, "excluded_lines": 0, "percent_statements_covered": 100.0, "percent_statements_covered_display": "100"}, "missing_lines": [], "excluded_lines": [], "functions": {"": {"executed_lines": [], "summary": {"covered_lines": 0, "num_statements": 0, "percent_covered": 100.0, "percent_covered_display": "100", "missing_lines": 0, "excluded_lines": 0, "percent_statements_covered": 100.0, "percent_statements_covered_display": "100"}, "missing_lines": [], "excluded_lines": [], "start_line": 1}}, "classes": {"": {"executed_lines": [], "summary": {"covered_lines": 0, "num_statements": 0, "percent_covered": 100.0, "percent_covered_display": "100", "missing_lines": 0, "excluded_lines": 0, "percent_statements_covered": 100.0, "percent_statements_covered_display": "100"}, "missing_lines": [], "excluded_lines": [], "start_line": 1}}}, "app/importers/base.py": {"executed_lines": [1, 2, 3, 4, 7, 8, 10, 11, 12, 13, 14, 15, 16, 17, 18, 19, 20, 21, 22, 24, 25, 26, 27, 30, 31, 33, 34, 35, 36, 37, 38, 39, 42, 43, 45, 46, 47, 48, 49, 50, 53, 57, 69, 70, 71, 76, 78], "summary": {"covered_lines": 47, "num_statements": 47, "percent_covered": 100.0, "percent_covered_display": "100", "missing_lines": 0, "excluded_lines": 6, "percent_statements_covered": 100.0, "percent_statements_covered_display": "100"}, "missing_lines": [], "excluded_lines": [54, 55, 56, 73, 74, 75], "functions": {"LegacyBaseImporter.parse": {"executed_lines": [], "summary": {"covered_lines": 0, "num_statements": 0, "percent_covered": 100.0, "percent_covered_display": "100", "missing_lines": 0, "excluded_lines
[...]
: 11, "num_statements": 11, "percent_covered": 100.0, "percent_covered_display": "100", "missing_lines": 0, "excluded_lines": 0, "percent_statements_covered": 100.0, "percent_statements_covered_display": "100"}, "missing_lines": [], "excluded_lines": [], "start_line": 618}, "ReturnsService.get_breakdown": {"executed_lines": [639, 640, 641, 642, 649, 651, 652, 725, 726], "summary": {"covered_lines": 9, "num_statements": 47, "percent_covered": 19.148936170212767, "percent_covered_display": "19", "missing_lines": 38, "excluded_lines": 0, "percent_statements_covered": 19.148936170212767, "percent_statements_covered_display": "19"}, "missing_lines": [643, 644, 645, 647, 653, 654, 656, 663, 664, 665, 666, 668, 669, 670, 673, 675, 678, 679, 680, 681, 682, 683, 687, 688, 689, 690, 695, 699, 700, 701, 705, 706, 709, 710, 712, 714, 715, 716], "excluded_lines": [], "start_line": 637}, "ReturnsService.get_allocation": {"executed_lines": [743, 744, 745, 746, 747, 748, 749, 750, 751, 752, 753, 754, 760], "summary": {"covered_lines": 13, "num_statements": 15, "percent_covered": 86.66666666666667, "percent_covered_display": "87", "missing_lines": 2, "excluded_lines": 0, "percent_statements_covered": 86.66666666666667, "percent_statements_covered_display": "87"}, "missing_lines": [758, 759], "excluded_lines": [], "start_line": 736}, "ReturnsService.get_gainers": {"executed_lines": [764, 765, 766, 767, 768, 769, 770, 771, 772, 773, 774, 785], "summary": {"covered_lines": 12, "num_statements": 14, "percent_covered": 85.71428571428571, "percent_covered_display": "86", "missing_lines": 2, "excluded_lines": 0, "percent_statements_covered": 85.71428571428571, "percent_statements_covered_display": "86"}, "missing_lines": [783, 784], "excluded_lines": [], "start_line": 762}, "ReturnsService._get_current_value": {"executed_lines": [799, 801, 802, 803, 804, 806, 807, 808, 809, 810, 811, 815, 816, 818, 819, 820, 821, 826, 827, 828, 829, 830, 831, 835, 836, 837, 838, 839, 840, 841, 842, 843, 844, 845], "summary": {"covered_lines": 34, "num_statements": 42, "percent_covered": 80.95238095238095, "percent_covered_display": "81", "missing_lines": 8, "excluded_lines": 0, "percent_statements_covered": 80.95238095238095, "percent_statements_covered_display": "81"}, "missing_lines": [805, 812, 846, 847, 848, 849, 850, 851], "excluded_lines": [], "start_line": 790}, "ReturnsService.get_overview": {"executed_lines": [854, 855, 858, 859, 860, 863, 871, 872, 873, 875, 934, 935, 941, 944, 957, 960, 961, 963], "summary": {"covered_lines": 18, "num_statements": 67, "percent_covered": 26.865671641791046, "percent_covered_display": "27", "missing_lines": 49, "excluded_lines": 0, "percent_statements_covered": 26.865671641791046, "percent_statements_covered_display": "27"}, "missing_lines": [856, 876, 877, 879, 880, 882, 883, 884, 894, 895, 896, 897, 898, 899, 900, 901, 902, 906, 907, 908, 909, 910, 912, 913, 914, 915, 916, 918, 919, 920, 921, 922, 923, 924, 926, 927, 928, 936, 945, 946, 947, 948, 949, 950, 951, 952, 953, 954, 958], "excluded_lines": [], "start_line": 853}, "": {"executed_lines": [1, 2, 3, 5, 6, 7, 8, 9, 10, 11, 15, 16, 17, 18, 19, 21, 24, 26, 28, 31, 32, 41, 63, 207, 221, 222, 229, 230, 237, 333, 456, 526, 569, 618, 637, 732, 736, 762, 790, 853], "summary": {"covered_lines": 40, "num_statements": 40, "percent_covered": 100.0, "percent_covered_display": "100", "missing_lines": 0, "excluded_lines": 0, "percent_statements_covered": 100.0, "percent_statements_covered_display": "100"}, "missing_lines": [], "excluded_lines": [], "start_line": 1}}, "classes": {"ReturnsService": {"executed_lines": [33, 34, 35, 36, 37, 38, 39, 42, 43, 44, 47, 49, 50, 51, 52, 53, 54, 55, 57, 58, 73, 75, 76, 78, 79, 80, 85, 86, 89, 90, 91, 92, 93, 94, 95, 96, 97, 100, 101, 102, 104, 105, 125, 126, 128, 129, 130, 131, 133, 134, 135, 136, 137, 140, 141, 142, 144, 145, 148, 149, 150, 151, 152, 153, 158, 159, 162, 163, 164, 167, 168, 169, 170, 171, 172, 173, 175, 177, 178, 180, 182, 209, 210, 211, 223, 224, 225, 227, 231, 232, 233, 235, 242, 243, 245, 246, 248, 249, 250, 251, 252, 253, 254, 255, 257, 258, 259, 260, 261, 263, 264, 265, 266, 267, 269, 270, 271, 278, 279, 285, 286, 288, 289, 290, 292, 293, 295, 296, 297, 298, 299, 303, 304, 311, 312, 313, 314, 321, 322, 323, 329, 331, 334, 335, 336, 339, 342, 344, 345, 346, 348, 351, 352, 354, 358, 364, 365, 366, 367, 368, 376, 383, 386, 387, 391, 396, 398, 399, 400, 402, 403, 405, 408, 415, 418, 419, 420, 421, 423, 424, 425, 426, 429, 430, 431, 432, 433, 434, 435, 436, 438, 453, 454, 457, 458, 460, 461, 469, 470, 471, 472, 473, 475, 476, 477, 478, 487, 490, 491, 492, 494, 501, 502, 504, 506, 507, 508, 510, 570, 571, 574, 575, 576, 578, 584, 585, 587, 588, 619, 621, 622, 623, 625, 626, 628, 631, 632, 633, 635, 639, 640, 641, 642, 649, 651, 652, 725, 726, 743, 744, 745, 746, 747, 748, 749, 750, 751, 752, 753, 754, 760, 764, 765, 766, 767, 768, 769, 770, 771, 772, 773, 774, 785, 799, 801, 802, 803, 804, 806, 807, 808, 809, 810, 811, 815, 816, 818, 819, 820, 821, 826, 827, 828, 829, 830, 831, 835, 836, 837, 838, 839, 840, 841, 842, 843, 844, 845, 854, 855, 858, 859, 860, 863, 871, 872, 873, 875, 934, 935, 941, 944, 957, 960, 961, 963], "summary": {"covered_lines": 325, "num_statements": 473, "percent_covered": 68.71035940803382, "percent_covered_display": "69", "missing_lines": 148, "excluded_lines": 0, "percent_statements_covered": 68.71035940803382, "percent_statements_covered_display": "69"}, "missing_lines": [45, 56, 61, 212, 213, 214, 226, 234, 369, 370, 377, 462, 480, 481, 483, 484, 485, 495, 496, 497, 498, 534, 535, 537, 538, 539, 541, 542, 543, 544, 545, 546, 547, 548, 550, 552, 553, 555, 556, 558, 579, 580, 581, 582, 599, 602, 604, 605, 607, 643, 644, 645, 647, 653, 654, 656, 663, 664, 665, 666, 668, 669, 670, 673, 675, 678, 679, 680, 681, 682, 683, 687, 688, 689, 690, 695, 699, 700, 701, 705, 706, 709, 710, 712, 714, 715, 716, 758, 759, 783, 784, 805, 812, 846, 847, 848, 849, 850, 851, 856, 876, 877, 879, 880, 882, 883, 884, 894, 895, 896, 897, 898, 899, 900, 901, 902, 906, 907, 908, 909, 910, 912, 913, 914, 915, 916, 918, 919, 920, 921, 922, 923, 924, 926, 927, 928, 936, 945, 946, 947, 948, 949, 950, 951, 952, 953, 954, 958], "excluded_lines": [], "start_line": 31}, "ReturnsService._build_lots_and_sells._Lot": {"executed_lines": [], "summary": {"covered_lines": 0, "num_statements": 0, "percent_covered": 100.0, "percent_covered_display": "100", "missing_lines": 0, "excluded_lines": 0, "percent_statements_covered": 100.0, "percent_statements_covered_display": "100"}, "missing_lines": [], "excluded_lines": [], "start_line": 249}, "ReturnsService._build_lots_and_sells._Sell": {"executed_lines": [], "summary": {"covered_lines": 0, "num_statements": 0, "percent_covered": 100.0, "percent_covered_display": "100", "missing_lines": 0, "excluded_lines": 0, "percent_statements_covered": 100.0, "percent_statements_covered_display": "100"}, "missing_lines": [], "excluded_lines": [], "start_line": 258}, "": {"executed_lines": [1, 2, 3, 5, 6, 7, 8, 9, 10, 11, 15, 16, 17, 18, 19, 21, 24, 26, 28, 31, 32, 41, 63, 207, 221, 222, 229, 230, 237, 333, 456, 526, 569, 618, 637, 732, 736, 762, 790, 853], "summary": {"covered_lines": 40, "num_statements": 40, "percent_covered": 100.0, "percent_covered_display": "100", "missing_lines": 0, "excluded_lines": 0, "percent_statements_covered": 100.0, "percent_statements_covered_display": "100"}, "missing_lines": [], "excluded_lines": [], "start_line": 1}}}, "app/services/snapshot_service.py": {"executed_lines": [1, 2, 3, 4, 5, 7, 8, 10, 12, 15, 16, 17, 18, 20, 22, 23, 25, 26, 27, 28, 30, 31, 35, 37, 38, 39, 44], "summary": {"covered_lines": 27, "num_statements": 32, "percent_covered": 84.375, "percent_covered_display": "84", "missing_lines": 5, "excluded_lines": 0, "percent_statements_covered": 84.375, "percent_statements_covered_display": "84"}, "missing_lines": [40, 41, 42, 45, 46], "excluded_lines": [], "functions": {"SnapshotService.__init__": {"executed_lines": [17, 18], "summary": {"covered_lines": 2, "num_statements": 2, "percent_covered": 100.0, "percent_covered_display": "100", "missing_lines": 0, "excluded_lines": 0, "percent_statements_covered": 100.0, "percent_statements_covered_display": "100"}, "missing_lines": [], "excluded_lines": [], "start_line": 16}, "SnapshotService.take_snapshot": {"executed_lines": [22, 23, 25, 26, 27, 28, 30, 31, 35, 37, 38, 39], "summary": {"covered_lines": 12, "num_statements": 15, "percent_covered": 80.0, "percent_covered_display": "80", "missing_lines": 3, "excluded_lines": 0, "percent_statements_covered": 80.0, "percent_statements_covered_display": "80"}, "missing_lines": [40, 41, 42], "excluded_lines": [], "start_line": 20}, "SnapshotService.list": {"executed_lines": [], "summary": {"covered_lines": 0, "num_statements": 2, "percent_covered": 0.0, "percent_covered_display": "0", "missing_lines": 2, "excluded_lines": 0, "percent_statements_covered": 0.0, "percent_statements_covered_display": "0"}, "missing_lines": [45, 46], "excluded_lines": [], "start_line": 44}, "": {"executed_lines": [1, 2, 3, 4, 5, 7, 8, 10, 12, 15, 16, 20, 44], "summary": {"covered_lines": 13, "num_statements": 13, "percent_covered": 100.0, "percent_covered_display": "100", "missing_lines": 0, "excluded_lines": 0, "percent_statements_covered": 100.0, "percent_statements_covered_display": "100"}, "missing_lines": [], "excluded_lines": [], "start_line": 1}}, "classes": {"SnapshotService": {"executed_lines": [17, 18, 22, 23, 25, 26, 27, 28, 30, 31, 35, 37, 38, 39], "summary": {"covered_lines": 14, "num_statements": 19, "percent_covered": 73.6842105263158, "percent_covered_display": "74", "missing_lines": 5, "excluded_lines": 0, "percent_statements_covered": 73.6842105263158, "percent_statements_covered_display": "74"}, "missing_lines": [40, 41, 42, 45, 46], "excluded_lines": [], "start_line": 15}, "": {"executed_lines": [1, 2, 3, 4, 5, 7, 8, 10, 12, 15, 16, 20, 44], "summary": {"covered_lines": 13, "num_statements": 13, "percent_covered": 100.0, "percent_covered_display": "100", "missing_lines": 0, "excluded_lines": 0, "percent_statements_covered": 100.0, "percent_statements_covered_display": "100"}, "missing_lines": [], "excluded_lines": [], "start_line": 1}}}, "app/services/tax_service.py": {"executed_lines": [1, 2, 4, 6, 7, 8, 9, 17, 19, 22, 25, 26, 29, 30, 31, 32, 33, 34, 38, 40, 41, 42, 43, 45, 47, 48, 49, 50, 52, 53, 54, 55, 63, 65, 67, 68, 69, 70, 72, 73, 74, 77, 81, 83, 84, 86, 87, 88, 89, 90, 91, 93, 94, 95, 96, 98, 99, 100, 101, 103, 120, 121, 122, 123, 124, 125, 126, 127, 128, 131, 133, 147, 149, 150, 151, 152, 154, 155, 156, 157, 160, 167, 170, 173, 174, 175, 176, 177, 179, 189, 191, 193, 194, 195, 196, 197], "summary": {"covered_lines": 96, "num_statements": 104, "percent_covered": 92.3076923076923, "percent_covered_display": "92", "missing_lines": 8, "excluded_lines": 0, "percent_statements_covered": 92.3076923076923, "percent_statements_covered_display": "92"}, "missing_lines": [51, 61, 62, 71, 75, 76, 129, 168], "excluded_lines": [], "functions": {"TaxService.__init__": {"executed_lines": [31, 32, 33, 34], "summary": {"covered_lines": 4, "num_statements": 4, "percent_covered": 100.0, "percent_covered_display": "100", "missing_lines": 0, "excluded_lines": 0, "percent_statements_covered": 100.0, "percent_statements_covered_display": "100"}, "missing_lines": [], "excluded_lines": [], "start_line": 30}, "TaxService._build_lots_for_asset": {"executed_lines": [40, 41, 42, 43], "summary": {"covered_lines": 4, "num_statements": 4, "percent_covered": 100.0, "percent_covered_display": "100", "missing_lines": 0, "excluded_lines": 0, "percent_statements_covered": 100.0, "percent_statements_covered_display": "100"}, "missing_lines": [], "excluded_lines": [], "start_line": 38}, "TaxService._get_all_open_lots": {"executed_lines": [47, 48, 49, 50, 52, 53, 54, 55, 63], "summary": {"covered_lines": 9, "num_statements": 12, "percent_covered": 75.0, "percent_covered_display": "75", "missing_lines": 3, "excluded_lines": 0, "percent_statements_covered": 75.0, "percent_statements_covered_display": "75"}, "missing_lines": [51, 61, 62], "excluded_lines": [], "start_line": 45}, "TaxService._get_matched_sells_by_type": {"executed_lines": [67, 68, 69, 70, 72, 73, 74, 77], "summary": {"covered_lines": 8, "num_statements": 11, "percent_covered": 72.72727272727273, "percent_covered_display": "73", "missing_lines": 3, "excluded_lines": 0, "percent_statements_covered": 72.72727272727273, "percent_statements_covered_display": "73"}, "missing_lines": [71, 75, 76], "excluded_lines": [], "start_line": 65}, "TaxService.get_tax_summary": {"executed_lines": [83, 84, 86, 87, 88, 89, 90, 91, 93, 94, 95, 96, 98, 99, 100, 101, 103, 120, 121, 122, 123, 124, 125, 126, 127, 128, 131, 133], "summary": {"covered_lines": 28, "num_statements": 29, "percent_covered": 96.55172413793103, "percent_covered_display": "97", "missing_lines": 1, "excluded_lines": 0, "percent_statements_covered": 96.55172413793103, "percent_statements_covered_display": "97"}, "missing_lines": [129], "excluded_lines": [], "start_line": 81}, "TaxService.get_unrealised_summary": {"executed_lines": [149, 150, 151, 152, 154, 155, 156, 157, 160, 167, 170, 173, 174, 175, 176, 177, 179], "summary": {"covered_lines": 17, "num_statements": 18, "percent_covered": 94.44444444444444, "percent_covered_display": "94", "missing_lines": 1, "excluded_lines": 0, "percent_statements_covered": 94.44444444444444, "percent_statements_covered_display": "94"}, "missing_lines": [168], "excluded_lines": [], "start_line": 147}, "TaxService.get_harvest_opportunities": {"executed_lines": [191, 193, 194, 195, 196, 197], "summary": {"covered_lines": 6, "num_statements": 6, "percent_covered": 100.0, "percent_covered_display": "100", "missing_lines": 0, "excluded_lines": 0, "percent_statements_covered": 100.0, "percent_statements_covered_display": "100"}, "missing_lines": [], "excluded_lines": [], "start_line": 189}, "": {"executed_lines": [1, 2, 4, 6, 7, 8, 9, 17, 19, 22, 25, 26, 29, 30, 38, 45, 65, 81, 147, 189], "summary": {"covered_lines": 20, "num_statements": 20, "percent_covered": 100.0, "percent_covered_display": "100", "missing_lines": 0, "excluded_lines": 0, "percent_statements_covered": 100.0, "percent_statements_covered_display": "100"}, "missing_lines": [], "excluded_lines": [], "start_line": 1}}, "classes": {"TaxService": {"executed_lines": [31, 32, 33, 34, 40, 41, 42, 43, 47, 48, 49, 50, 52, 53, 54, 55, 63, 67, 68, 69, 70, 72, 73, 74, 77, 83, 84, 86, 87, 88, 89, 90, 91, 93, 94, 95, 96, 98, 99, 100, 101, 103, 120, 121, 122, 123, 124, 125, 126, 127, 128, 131, 133, 149, 150, 151, 152, 154, 155, 156, 157, 160, 167, 170, 173, 174, 175, 176, 177, 179, 191, 193, 194, 195, 196, 197], "summary": {"covered_lines": 76, "num_statements": 84, "percent_covered": 90.47619047619048, "percent_covered_display": "90", "missing_lines": 8, "excluded_lines": 0, "percent_statements_covered": 90.47619047619048, "percent_statements_covered_display": "90"}, "missing_lines": [51, 61, 62, 71, 75, 76, 129, 168], "excluded_lines": [], "start_line": 29}, "": {"executed_lines": [1, 2, 4, 6, 7, 8, 9, 17, 19, 22, 25, 26, 29, 30, 38, 45, 65, 81, 147, 189], "summary": {"covered_lines": 20, "num_statements": 20, "percent_covered": 100.0, "percent_covered_display": "100", "missing_lines": 0, "excluded_lines": 0, "percent_statements_covered": 100.0, "percent_statements_covered_display": "100"}, "missing_lines": [], "excluded_lines": [], "start_line": 1}}}, "app/services/transaction_service.py": {"executed_lines": [4, 6, 7, 8, 10, 11, 12, 13, 15, 16, 19, 20, 21, 24, 25, 26, 28, 29, 30, 31, 34, 35, 37, 41, 42, 44, 45, 46, 48, 62, 63, 65, 66, 67, 68, 70, 82, 83, 84, 85, 87], "summary": {"covered_lines": 41, "num_statements": 54, "percent_covered": 75.92592592592592, "percent_covered_display": "76", "missing_lines": 13, "excluded_lines": 0, "percent_statements_covered": 75.92592592592592, "percent_statements_covered_display": "76"}, "missing_lines": [32, 64, 71, 72, 73, 74, 75, 76, 77, 78, 79, 80, 86], "excluded_lines": [], "functions": {"_generate_txn_id": {"executed_lines": [20, 21], "summary": {"covered_lines": 2, "num_statements": 2, "percent_covered": 100.0, "percent_covered_display": "100", "missing_lines": 0, "excluded_lines": 0, "percent_statements_covered": 100.0, "percent_statements_covered_display": "100"}, "missing_lines": [], "excluded_lines": [], "start_line": 19}, "TransactionService.__init__": {"executed_lines": [26], "summary": {"covered_lines": 1, "num_statements": 1, "percent_covered": 100.0, "percent_covered_display": "100", "missing_lines": 0, "excluded_lines": 0, "percent_statements_covered": 100.0, "percent_statements_covered_display": "100"}, "missing_lines": [], "excluded_lines": [], "start_line": 25}, "TransactionService.create": {"executed_lines": [29, 30, 31, 34, 35, 37, 41, 42, 44, 45, 46, 48], "summary": {"covered_lines": 12, "num_statements": 13, "percent_covered": 92.3076923076923, "percent_covered_display": "92", "missing_lines": 1, "excluded_lines": 0, "percent_statements_covered": 92.3076923076923, "percent_statements_covered_display": "92"}, "missing_lines": [32], "excluded_lines": [], "start_line": 28}, "TransactionService.list_paginated": {"executed_lines": [63, 65, 66, 67, 68], "summary": {"covered_lines": 5, "num_statements": 6, "percent_covered": 83.33333333333333, "percent_covered_display": "83", "missing_lines": 1, "excluded_lines": 0, "percent_statements_covered": 83.33333333333333, "percent_statements_covered_display": "83"}, "missing_lines": [64], "excluded_lines": [], "start_line": 62}, "TransactionService.update": {"executed_lines": [], "summary": {"covered_lines": 0, "num_statements": 10, "percent_covered": 0.0, "percent_covered_display": "0", "missing_lines": 10, "excluded_lines": 0, "percent_statements_covered": 0.0, "percent_statements_covered_display": "0"}, "missing_lines": [71, 72, 73, 74, 75, 76, 77, 78, 79, 80], "excluded_lines": [], "start_line": 70}, "TransactionService.delete": {"executed_lines": [83, 84, 85, 87], "summary": {"covered_lines": 4, "num_statements": 5, "percent_covered": 80.0, "percent_covered_display": "80", "missing_lines": 1, "excluded_lines": 0, "percent_statements_covered": 80.0, "percent_statements_covered_display": "80"}, "missing_lines": [86], "excluded_lines": [], "start_line": 82}, "": {"executed_lines": [4, 6, 7, 8, 10, 11, 12, 13, 15, 16, 19, 24, 25, 28, 62, 70, 82], "summary": {"covered_lines": 17, "num_statements": 17, "percent_covered": 100.0, "percent_covered_display": "100", "missing_lines": 0, "excluded_lines": 0, "percent_statements_covered": 100.0, "percent_statements_covered_display": "100"}, "missing_lines": [], "excluded_lines": [], "start_line": 1}}, "classes": {"TransactionService": {"executed_lines": [26, 29, 30, 31, 34, 35, 37, 41, 42, 44, 45, 46, 48, 63, 65, 66, 67, 68, 83, 84, 85, 87], "summary": {"covered_lines": 22, "num_statements": 35, "percent_covered": 62.857142857142854, "percent_covered_display": "63", "missing_lines": 13, "excluded_lines": 0, "percent_statements_covered": 62.857142857142854, "percent_statements_covered_display": "63"}, "missing_lines": [32, 64, 71, 72, 73, 74, 75, 76, 77, 78, 79, 80, 86], "excluded_lines": [], "start_line": 24}, "": {"executed_lines": [4, 6, 7, 8, 10, 11, 12, 13, 15, 16, 19, 20, 21, 24, 25, 28, 62, 70, 82], "summary": {"covered_lines": 19, "num_statements": 19, "percent_covered": 100.0, "percent_covered_display": "100", "missing_lines": 0, "excluded_lines": 0, "percent_statements_covered": 100.0, "percent_statements_covered_display": "100"}, "missing_lines": [], "excluded_lines": [], "start_line": 1}}}}, "totals": {"covered_lines": 4122, "num_statements": 5186, "percent_covered": 79.48322406478982, "percent_covered_display": "79", "missing_lines": 1064, "excluded_lines": 111, "percent_statements_covered": 79.48322406478982, "percent_statements_covered_display": "79"}}